<?xml version="1.0" encoding="UTF-8"?>
<!-- Generated by org.testng.reporters.JUnitXMLReporter -->
<testsuite ignored="0" hostname="LPTIN-24Z3GG3" failures="50" tests="50" name="Test" time="1223.536" errors="0" timestamp="2023-07-25T19:16:00 IST">
  <testcase classname="io.cucumber.testng.AbstractTestNGCucumberTests" name="runScenario" time="71.267">
    <failure type="com.microsoft.playwright.PlaywrightException" message="Error {
  message=&amp;apos;net::ERR_TIMED_OUT at https://sisclientweb-900070.campusnexus.cloud/
=========================== logs ===========================
navigating to &amp;quot;https://sisclientweb-900070.campusnexus.cloud/&amp;quot;, waiting until &amp;quot;load&amp;quot;
============================================================
  name=&amp;apos;Error
  stack=&amp;apos;Error: net::ERR_TIMED_OUT at https://sisclientweb-900070.campusnexus.cloud/
=========================== logs ===========================
navigating to &amp;quot;https://sisclientweb-900070.campusnexus.cloud/&amp;quot;, waiting until &amp;quot;load&amp;quot;
============================================================
    at FrameSession._navigate (C:\Users\SnehaV\AppData\Local\Temp\playwright-java-6104101205915701911\package\lib\server\chromium\crPage.js:508:35)
    at async Frame._gotoAction (C:\Users\SnehaV\AppData\Local\Temp\playwright-java-6104101205915701911\package\lib\server\frames.js:538:28)
    at async ProgressController.run (C:\Users\SnehaV\AppData\Local\Temp\playwright-java-6104101205915701911\package\lib\server\progress.js:92:22)
    at async FrameDispatcher.goto (C:\Users\SnehaV\AppData\Local\Temp\playwright-java-6104101205915701911\package\lib\server\dispatchers\frameDispatcher.js:75:103)
    at async DispatcherConnection.dispatch (C:\Users\SnehaV\AppData\Local\Temp\playwright-java-6104101205915701911\package\lib\server\dispatchers\dispatcher.js:312:22)
}">
      <![CDATA[com.microsoft.playwright.PlaywrightException: Error {
  message='net::ERR_TIMED_OUT at https://sisclientweb-900070.campusnexus.cloud/
=========================== logs ===========================
navigating to "https://sisclientweb-900070.campusnexus.cloud/", waiting until "load"
============================================================
  name='Error
  stack='Error: net::ERR_TIMED_OUT at https://sisclientweb-900070.campusnexus.cloud/
=========================== logs ===========================
navigating to "https://sisclientweb-900070.campusnexus.cloud/", waiting until "load"
============================================================
    at FrameSession._navigate (C:\Users\SnehaV\AppData\Local\Temp\playwright-java-6104101205915701911\package\lib\server\chromium\crPage.js:508:35)
    at async Frame._gotoAction (C:\Users\SnehaV\AppData\Local\Temp\playwright-java-6104101205915701911\package\lib\server\frames.js:538:28)
    at async ProgressController.run (C:\Users\SnehaV\AppData\Local\Temp\playwright-java-6104101205915701911\package\lib\server\progress.js:92:22)
    at async FrameDispatcher.goto (C:\Users\SnehaV\AppData\Local\Temp\playwright-java-6104101205915701911\package\lib\server\dispatchers\frameDispatcher.js:75:103)
    at async DispatcherConnection.dispatch (C:\Users\SnehaV\AppData\Local\Temp\playwright-java-6104101205915701911\package\lib\server\dispatchers\dispatcher.js:312:22)
}
at com.microsoft.playwright.impl.WaitableResult.get(WaitableResult.java:54)
at com.microsoft.playwright.impl.ChannelOwner.runUntil(ChannelOwner.java:111)
at com.microsoft.playwright.impl.Connection.sendMessage(Connection.java:126)
at com.microsoft.playwright.impl.ChannelOwner.sendMessage(ChannelOwner.java:102)
at com.microsoft.playwright.impl.FrameImpl.navigateImpl(FrameImpl.java:463)
at com.microsoft.playwright.impl.PageImpl.lambda$navigate$45(PageImpl.java:836)
at com.microsoft.playwright.impl.LoggingSupport.withLogging(LoggingSupport.java:47)
at com.microsoft.playwright.impl.ChannelOwner.withLogging(ChannelOwner.java:87)
at com.microsoft.playwright.impl.PageImpl.navigate(PageImpl.java:836)
at com.microsoft.playwright.impl.PageImpl.navigate(PageImpl.java:42)
at com.microsoft.playwright.Page.navigate(Page.java:5282)
at genericFunctions.PlaywrightFactory.initBrowser(PlaywrightFactory.java:101)
at Stepdefinitions.Hooks.getProperty(Hooks.java:32)
Caused by: com.microsoft.playwright.impl.DriverException: Error {
  message='net::ERR_TIMED_OUT at https://sisclientweb-900070.campusnexus.cloud/
=========================== logs ===========================
navigating to "https://sisclientweb-900070.campusnexus.cloud/", waiting until "load"
============================================================
  name='Error
  stack='Error: net::ERR_TIMED_OUT at https://sisclientweb-900070.campusnexus.cloud/
=========================== logs ===========================
navigating to "https://sisclientweb-900070.campusnexus.cloud/", waiting until "load"
============================================================
    at FrameSession._navigate (C:\Users\SnehaV\AppData\Local\Temp\playwright-java-6104101205915701911\package\lib\server\chromium\crPage.js:508:35)
    at async Frame._gotoAction (C:\Users\SnehaV\AppData\Local\Temp\playwright-java-6104101205915701911\package\lib\server\frames.js:538:28)
    at async ProgressController.run (C:\Users\SnehaV\AppData\Local\Temp\playwright-java-6104101205915701911\package\lib\server\progress.js:92:22)
    at async FrameDispatcher.goto (C:\Users\SnehaV\AppData\Local\Temp\playwright-java-6104101205915701911\package\lib\server\dispatchers\frameDispatcher.js:75:103)
    at async DispatcherConnection.dispatch (C:\Users\SnehaV\AppData\Local\Temp\playwright-java-6104101205915701911\package\lib\server\dispatchers\dispatcher.js:312:22)
}
at com.microsoft.playwright.impl.Connection.dispatch(Connection.java:226)
at com.microsoft.playwright.impl.Connection.processOneMessage(Connection.java:206)
at com.microsoft.playwright.impl.ChannelOwner.runUntil(ChannelOwner.java:109)
at com.microsoft.playwright.impl.Connection.sendMessage(Connection.java:126)
at com.microsoft.playwright.impl.ChannelOwner.sendMessage(ChannelOwner.java:102)
at com.microsoft.playwright.impl.FrameImpl.navigateImpl(FrameImpl.java:463)
at com.microsoft.playwright.impl.PageImpl.lambda$navigate$45(PageImpl.java:836)
at com.microsoft.playwright.impl.LoggingSupport.withLogging(LoggingSupport.java:47)
at com.microsoft.playwright.impl.ChannelOwner.withLogging(ChannelOwner.java:87)
at com.microsoft.playwright.impl.PageImpl.navigate(PageImpl.java:836)
at com.microsoft.playwright.impl.PageImpl.navigate(PageImpl.java:42)
at com.microsoft.playwright.Page.navigate(Page.java:5282)
at genericFunctions.PlaywrightFactory.initBrowser(PlaywrightFactory.java:101)
at Stepdefinitions.Hooks.getProperty(Hooks.java:32)
at io.cucumber.java.Invoker.doInvoke(Invoker.java:66)
at io.cucumber.java.Invoker.invoke(Invoker.java:24)
at io.cucumber.java.AbstractGlueDefinition.invokeMethod(AbstractGlueDefinition.java:47)
at io.cucumber.java.JavaHookDefinition.execute(JavaHookDefinition.java:59)
at io.cucumber.core.runner.CoreHookDefinition.execute(CoreHookDefinition.java:46)
at io.cucumber.core.runner.HookDefinitionMatch.runStep(HookDefinitionMatch.java:21)
at io.cucumber.core.runner.ExecutionMode$1.execute(ExecutionMode.java:10)
at io.cucumber.core.runner.TestStep.executeStep(TestStep.java:92)
at io.cucumber.core.runner.TestStep.run(TestStep.java:64)
at io.cucumber.core.runner.TestCase.run(TestCase.java:98)
at io.cucumber.core.runner.Runner.runPickle(Runner.java:71)
at io.cucumber.testng.TestNGCucumberRunner.lambda$runScenario$0(TestNGCucumberRunner.java:116)
at io.cucumber.core.runtime.CucumberExecutionContext.runTestCase(CucumberExecutionContext.java:117)
at io.cucumber.testng.TestNGCucumberRunner.runScenario(TestNGCucumberRunner.java:113)
at io.cucumber.testng.AbstractTestNGCucumberTests.runScenario(AbstractTestNGCucumberTests.java:31)
at java.base/java.util.concurrent.ThreadPoolExecutor.runWorker(ThreadPoolExecutor.java:1136)
at java.base/java.util.concurrent.ThreadPoolExecutor$Worker.run(ThreadPoolExecutor.java:635)
at java.base/java.lang.Thread.run(Thread.java:833)
... Removed 16 stack frames]]>
    </failure>
  </testcase> <!-- runScenario -->
  <testcase classname="io.cucumber.testng.AbstractTestNGCucumberTests" name="runScenario" time="72.056">
    <failure type="com.microsoft.playwright.PlaywrightException" message="Error {
  message=&amp;apos;net::ERR_TIMED_OUT at https://sisclientweb-900070.campusnexus.cloud/
=========================== logs ===========================
navigating to &amp;quot;https://sisclientweb-900070.campusnexus.cloud/&amp;quot;, waiting until &amp;quot;load&amp;quot;
============================================================
  name=&amp;apos;Error
  stack=&amp;apos;Error: net::ERR_TIMED_OUT at https://sisclientweb-900070.campusnexus.cloud/
=========================== logs ===========================
navigating to &amp;quot;https://sisclientweb-900070.campusnexus.cloud/&amp;quot;, waiting until &amp;quot;load&amp;quot;
============================================================
    at FrameSession._navigate (C:\Users\SnehaV\AppData\Local\Temp\playwright-java-6104101205915701911\package\lib\server\chromium\crPage.js:508:35)
    at async Frame._gotoAction (C:\Users\SnehaV\AppData\Local\Temp\playwright-java-6104101205915701911\package\lib\server\frames.js:538:28)
    at async ProgressController.run (C:\Users\SnehaV\AppData\Local\Temp\playwright-java-6104101205915701911\package\lib\server\progress.js:92:22)
    at async FrameDispatcher.goto (C:\Users\SnehaV\AppData\Local\Temp\playwright-java-6104101205915701911\package\lib\server\dispatchers\frameDispatcher.js:75:103)
    at async DispatcherConnection.dispatch (C:\Users\SnehaV\AppData\Local\Temp\playwright-java-6104101205915701911\package\lib\server\dispatchers\dispatcher.js:312:22)
}">
      <![CDATA[com.microsoft.playwright.PlaywrightException: Error {
  message='net::ERR_TIMED_OUT at https://sisclientweb-900070.campusnexus.cloud/
=========================== logs ===========================
navigating to "https://sisclientweb-900070.campusnexus.cloud/", waiting until "load"
============================================================
  name='Error
  stack='Error: net::ERR_TIMED_OUT at https://sisclientweb-900070.campusnexus.cloud/
=========================== logs ===========================
navigating to "https://sisclientweb-900070.campusnexus.cloud/", waiting until "load"
============================================================
    at FrameSession._navigate (C:\Users\SnehaV\AppData\Local\Temp\playwright-java-6104101205915701911\package\lib\server\chromium\crPage.js:508:35)
    at async Frame._gotoAction (C:\Users\SnehaV\AppData\Local\Temp\playwright-java-6104101205915701911\package\lib\server\frames.js:538:28)
    at async ProgressController.run (C:\Users\SnehaV\AppData\Local\Temp\playwright-java-6104101205915701911\package\lib\server\progress.js:92:22)
    at async FrameDispatcher.goto (C:\Users\SnehaV\AppData\Local\Temp\playwright-java-6104101205915701911\package\lib\server\dispatchers\frameDispatcher.js:75:103)
    at async DispatcherConnection.dispatch (C:\Users\SnehaV\AppData\Local\Temp\playwright-java-6104101205915701911\package\lib\server\dispatchers\dispatcher.js:312:22)
}
at com.microsoft.playwright.impl.WaitableResult.get(WaitableResult.java:54)
at com.microsoft.playwright.impl.ChannelOwner.runUntil(ChannelOwner.java:111)
at com.microsoft.playwright.impl.Connection.sendMessage(Connection.java:126)
at com.microsoft.playwright.impl.ChannelOwner.sendMessage(ChannelOwner.java:102)
at com.microsoft.playwright.impl.FrameImpl.navigateImpl(FrameImpl.java:463)
at com.microsoft.playwright.impl.PageImpl.lambda$navigate$45(PageImpl.java:836)
at com.microsoft.playwright.impl.LoggingSupport.withLogging(LoggingSupport.java:47)
at com.microsoft.playwright.impl.ChannelOwner.withLogging(ChannelOwner.java:87)
at com.microsoft.playwright.impl.PageImpl.navigate(PageImpl.java:836)
at com.microsoft.playwright.impl.PageImpl.navigate(PageImpl.java:42)
at com.microsoft.playwright.Page.navigate(Page.java:5282)
at genericFunctions.PlaywrightFactory.initBrowser(PlaywrightFactory.java:101)
at Stepdefinitions.Hooks.getProperty(Hooks.java:32)
Caused by: com.microsoft.playwright.impl.DriverException: Error {
  message='net::ERR_TIMED_OUT at https://sisclientweb-900070.campusnexus.cloud/
=========================== logs ===========================
navigating to "https://sisclientweb-900070.campusnexus.cloud/", waiting until "load"
============================================================
  name='Error
  stack='Error: net::ERR_TIMED_OUT at https://sisclientweb-900070.campusnexus.cloud/
=========================== logs ===========================
navigating to "https://sisclientweb-900070.campusnexus.cloud/", waiting until "load"
============================================================
    at FrameSession._navigate (C:\Users\SnehaV\AppData\Local\Temp\playwright-java-6104101205915701911\package\lib\server\chromium\crPage.js:508:35)
    at async Frame._gotoAction (C:\Users\SnehaV\AppData\Local\Temp\playwright-java-6104101205915701911\package\lib\server\frames.js:538:28)
    at async ProgressController.run (C:\Users\SnehaV\AppData\Local\Temp\playwright-java-6104101205915701911\package\lib\server\progress.js:92:22)
    at async FrameDispatcher.goto (C:\Users\SnehaV\AppData\Local\Temp\playwright-java-6104101205915701911\package\lib\server\dispatchers\frameDispatcher.js:75:103)
    at async DispatcherConnection.dispatch (C:\Users\SnehaV\AppData\Local\Temp\playwright-java-6104101205915701911\package\lib\server\dispatchers\dispatcher.js:312:22)
}
at com.microsoft.playwright.impl.Connection.dispatch(Connection.java:226)
at com.microsoft.playwright.impl.Connection.processOneMessage(Connection.java:206)
at com.microsoft.playwright.impl.ChannelOwner.runUntil(ChannelOwner.java:109)
at com.microsoft.playwright.impl.Connection.sendMessage(Connection.java:126)
at com.microsoft.playwright.impl.ChannelOwner.sendMessage(ChannelOwner.java:102)
at com.microsoft.playwright.impl.FrameImpl.navigateImpl(FrameImpl.java:463)
at com.microsoft.playwright.impl.PageImpl.lambda$navigate$45(PageImpl.java:836)
at com.microsoft.playwright.impl.LoggingSupport.withLogging(LoggingSupport.java:47)
at com.microsoft.playwright.impl.ChannelOwner.withLogging(ChannelOwner.java:87)
at com.microsoft.playwright.impl.PageImpl.navigate(PageImpl.java:836)
at com.microsoft.playwright.impl.PageImpl.navigate(PageImpl.java:42)
at com.microsoft.playwright.Page.navigate(Page.java:5282)
at genericFunctions.PlaywrightFactory.initBrowser(PlaywrightFactory.java:101)
at Stepdefinitions.Hooks.getProperty(Hooks.java:32)
at io.cucumber.java.Invoker.doInvoke(Invoker.java:66)
at io.cucumber.java.Invoker.invoke(Invoker.java:24)
at io.cucumber.java.AbstractGlueDefinition.invokeMethod(AbstractGlueDefinition.java:47)
at io.cucumber.java.JavaHookDefinition.execute(JavaHookDefinition.java:59)
at io.cucumber.core.runner.CoreHookDefinition.execute(CoreHookDefinition.java:46)
at io.cucumber.core.runner.HookDefinitionMatch.runStep(HookDefinitionMatch.java:21)
at io.cucumber.core.runner.ExecutionMode$1.execute(ExecutionMode.java:10)
at io.cucumber.core.runner.TestStep.executeStep(TestStep.java:92)
at io.cucumber.core.runner.TestStep.run(TestStep.java:64)
at io.cucumber.core.runner.TestCase.run(TestCase.java:98)
at io.cucumber.core.runner.Runner.runPickle(Runner.java:71)
at io.cucumber.testng.TestNGCucumberRunner.lambda$runScenario$0(TestNGCucumberRunner.java:116)
at io.cucumber.core.runtime.CucumberExecutionContext.runTestCase(CucumberExecutionContext.java:117)
at io.cucumber.testng.TestNGCucumberRunner.runScenario(TestNGCucumberRunner.java:113)
at io.cucumber.testng.AbstractTestNGCucumberTests.runScenario(AbstractTestNGCucumberTests.java:31)
at java.base/java.util.concurrent.ThreadPoolExecutor.runWorker(ThreadPoolExecutor.java:1136)
at java.base/java.util.concurrent.ThreadPoolExecutor$Worker.run(ThreadPoolExecutor.java:635)
at java.base/java.lang.Thread.run(Thread.java:833)
... Removed 16 stack frames]]>
    </failure>
  </testcase> <!-- runScenario -->
  <testcase classname="io.cucumber.testng.AbstractTestNGCucumberTests" name="runScenario" time="72.635">
    <failure type="com.microsoft.playwright.PlaywrightException" message="Error {
  message=&amp;apos;net::ERR_TIMED_OUT at https://sisclientweb-900070.campusnexus.cloud/
=========================== logs ===========================
navigating to &amp;quot;https://sisclientweb-900070.campusnexus.cloud/&amp;quot;, waiting until &amp;quot;load&amp;quot;
============================================================
  name=&amp;apos;Error
  stack=&amp;apos;Error: net::ERR_TIMED_OUT at https://sisclientweb-900070.campusnexus.cloud/
=========================== logs ===========================
navigating to &amp;quot;https://sisclientweb-900070.campusnexus.cloud/&amp;quot;, waiting until &amp;quot;load&amp;quot;
============================================================
    at FrameSession._navigate (C:\Users\SnehaV\AppData\Local\Temp\playwright-java-6104101205915701911\package\lib\server\chromium\crPage.js:508:35)
    at async Frame._gotoAction (C:\Users\SnehaV\AppData\Local\Temp\playwright-java-6104101205915701911\package\lib\server\frames.js:538:28)
    at async ProgressController.run (C:\Users\SnehaV\AppData\Local\Temp\playwright-java-6104101205915701911\package\lib\server\progress.js:92:22)
    at async FrameDispatcher.goto (C:\Users\SnehaV\AppData\Local\Temp\playwright-java-6104101205915701911\package\lib\server\dispatchers\frameDispatcher.js:75:103)
    at async DispatcherConnection.dispatch (C:\Users\SnehaV\AppData\Local\Temp\playwright-java-6104101205915701911\package\lib\server\dispatchers\dispatcher.js:312:22)
}">
      <![CDATA[com.microsoft.playwright.PlaywrightException: Error {
  message='net::ERR_TIMED_OUT at https://sisclientweb-900070.campusnexus.cloud/
=========================== logs ===========================
navigating to "https://sisclientweb-900070.campusnexus.cloud/", waiting until "load"
============================================================
  name='Error
  stack='Error: net::ERR_TIMED_OUT at https://sisclientweb-900070.campusnexus.cloud/
=========================== logs ===========================
navigating to "https://sisclientweb-900070.campusnexus.cloud/", waiting until "load"
============================================================
    at FrameSession._navigate (C:\Users\SnehaV\AppData\Local\Temp\playwright-java-6104101205915701911\package\lib\server\chromium\crPage.js:508:35)
    at async Frame._gotoAction (C:\Users\SnehaV\AppData\Local\Temp\playwright-java-6104101205915701911\package\lib\server\frames.js:538:28)
    at async ProgressController.run (C:\Users\SnehaV\AppData\Local\Temp\playwright-java-6104101205915701911\package\lib\server\progress.js:92:22)
    at async FrameDispatcher.goto (C:\Users\SnehaV\AppData\Local\Temp\playwright-java-6104101205915701911\package\lib\server\dispatchers\frameDispatcher.js:75:103)
    at async DispatcherConnection.dispatch (C:\Users\SnehaV\AppData\Local\Temp\playwright-java-6104101205915701911\package\lib\server\dispatchers\dispatcher.js:312:22)
}
at com.microsoft.playwright.impl.WaitableResult.get(WaitableResult.java:54)
at com.microsoft.playwright.impl.ChannelOwner.runUntil(ChannelOwner.java:111)
at com.microsoft.playwright.impl.Connection.sendMessage(Connection.java:126)
at com.microsoft.playwright.impl.ChannelOwner.sendMessage(ChannelOwner.java:102)
at com.microsoft.playwright.impl.FrameImpl.navigateImpl(FrameImpl.java:463)
at com.microsoft.playwright.impl.PageImpl.lambda$navigate$45(PageImpl.java:836)
at com.microsoft.playwright.impl.LoggingSupport.withLogging(LoggingSupport.java:47)
at com.microsoft.playwright.impl.ChannelOwner.withLogging(ChannelOwner.java:87)
at com.microsoft.playwright.impl.PageImpl.navigate(PageImpl.java:836)
at com.microsoft.playwright.impl.PageImpl.navigate(PageImpl.java:42)
at com.microsoft.playwright.Page.navigate(Page.java:5282)
at genericFunctions.PlaywrightFactory.initBrowser(PlaywrightFactory.java:101)
at Stepdefinitions.Hooks.getProperty(Hooks.java:32)
Caused by: com.microsoft.playwright.impl.DriverException: Error {
  message='net::ERR_TIMED_OUT at https://sisclientweb-900070.campusnexus.cloud/
=========================== logs ===========================
navigating to "https://sisclientweb-900070.campusnexus.cloud/", waiting until "load"
============================================================
  name='Error
  stack='Error: net::ERR_TIMED_OUT at https://sisclientweb-900070.campusnexus.cloud/
=========================== logs ===========================
navigating to "https://sisclientweb-900070.campusnexus.cloud/", waiting until "load"
============================================================
    at FrameSession._navigate (C:\Users\SnehaV\AppData\Local\Temp\playwright-java-6104101205915701911\package\lib\server\chromium\crPage.js:508:35)
    at async Frame._gotoAction (C:\Users\SnehaV\AppData\Local\Temp\playwright-java-6104101205915701911\package\lib\server\frames.js:538:28)
    at async ProgressController.run (C:\Users\SnehaV\AppData\Local\Temp\playwright-java-6104101205915701911\package\lib\server\progress.js:92:22)
    at async FrameDispatcher.goto (C:\Users\SnehaV\AppData\Local\Temp\playwright-java-6104101205915701911\package\lib\server\dispatchers\frameDispatcher.js:75:103)
    at async DispatcherConnection.dispatch (C:\Users\SnehaV\AppData\Local\Temp\playwright-java-6104101205915701911\package\lib\server\dispatchers\dispatcher.js:312:22)
}
at com.microsoft.playwright.impl.Connection.dispatch(Connection.java:226)
at com.microsoft.playwright.impl.Connection.processOneMessage(Connection.java:206)
at com.microsoft.playwright.impl.ChannelOwner.runUntil(ChannelOwner.java:109)
at com.microsoft.playwright.impl.Connection.sendMessage(Connection.java:126)
at com.microsoft.playwright.impl.ChannelOwner.sendMessage(ChannelOwner.java:102)
at com.microsoft.playwright.impl.FrameImpl.navigateImpl(FrameImpl.java:463)
at com.microsoft.playwright.impl.PageImpl.lambda$navigate$45(PageImpl.java:836)
at com.microsoft.playwright.impl.LoggingSupport.withLogging(LoggingSupport.java:47)
at com.microsoft.playwright.impl.ChannelOwner.withLogging(ChannelOwner.java:87)
at com.microsoft.playwright.impl.PageImpl.navigate(PageImpl.java:836)
at com.microsoft.playwright.impl.PageImpl.navigate(PageImpl.java:42)
at com.microsoft.playwright.Page.navigate(Page.java:5282)
at genericFunctions.PlaywrightFactory.initBrowser(PlaywrightFactory.java:101)
at Stepdefinitions.Hooks.getProperty(Hooks.java:32)
at io.cucumber.java.Invoker.doInvoke(Invoker.java:66)
at io.cucumber.java.Invoker.invoke(Invoker.java:24)
at io.cucumber.java.AbstractGlueDefinition.invokeMethod(AbstractGlueDefinition.java:47)
at io.cucumber.java.JavaHookDefinition.execute(JavaHookDefinition.java:59)
at io.cucumber.core.runner.CoreHookDefinition.execute(CoreHookDefinition.java:46)
at io.cucumber.core.runner.HookDefinitionMatch.runStep(HookDefinitionMatch.java:21)
at io.cucumber.core.runner.ExecutionMode$1.execute(ExecutionMode.java:10)
at io.cucumber.core.runner.TestStep.executeStep(TestStep.java:92)
at io.cucumber.core.runner.TestStep.run(TestStep.java:64)
at io.cucumber.core.runner.TestCase.run(TestCase.java:98)
at io.cucumber.core.runner.Runner.runPickle(Runner.java:71)
at io.cucumber.testng.TestNGCucumberRunner.lambda$runScenario$0(TestNGCucumberRunner.java:116)
at io.cucumber.core.runtime.CucumberExecutionContext.runTestCase(CucumberExecutionContext.java:117)
at io.cucumber.testng.TestNGCucumberRunner.runScenario(TestNGCucumberRunner.java:113)
at io.cucumber.testng.AbstractTestNGCucumberTests.runScenario(AbstractTestNGCucumberTests.java:31)
at java.base/java.util.concurrent.ThreadPoolExecutor.runWorker(ThreadPoolExecutor.java:1136)
at java.base/java.util.concurrent.ThreadPoolExecutor$Worker.run(ThreadPoolExecutor.java:635)
at java.base/java.lang.Thread.run(Thread.java:833)
... Removed 16 stack frames]]>
    </failure>
  </testcase> <!-- runScenario -->
  <testcase classname="io.cucumber.testng.AbstractTestNGCucumberTests" name="runScenario" time="64.719">
    <failure type="com.microsoft.playwright.PlaywrightException" message="Error {
  message=&amp;apos;net::ERR_TIMED_OUT at https://sisclientweb-900070.campusnexus.cloud/
=========================== logs ===========================
navigating to &amp;quot;https://sisclientweb-900070.campusnexus.cloud/&amp;quot;, waiting until &amp;quot;load&amp;quot;
============================================================
  name=&amp;apos;Error
  stack=&amp;apos;Error: net::ERR_TIMED_OUT at https://sisclientweb-900070.campusnexus.cloud/
=========================== logs ===========================
navigating to &amp;quot;https://sisclientweb-900070.campusnexus.cloud/&amp;quot;, waiting until &amp;quot;load&amp;quot;
============================================================
    at FrameSession._navigate (C:\Users\SnehaV\AppData\Local\Temp\playwright-java-6104101205915701911\package\lib\server\chromium\crPage.js:508:35)
    at async Frame._gotoAction (C:\Users\SnehaV\AppData\Local\Temp\playwright-java-6104101205915701911\package\lib\server\frames.js:538:28)
    at async ProgressController.run (C:\Users\SnehaV\AppData\Local\Temp\playwright-java-6104101205915701911\package\lib\server\progress.js:92:22)
    at async FrameDispatcher.goto (C:\Users\SnehaV\AppData\Local\Temp\playwright-java-6104101205915701911\package\lib\server\dispatchers\frameDispatcher.js:75:103)
    at async DispatcherConnection.dispatch (C:\Users\SnehaV\AppData\Local\Temp\playwright-java-6104101205915701911\package\lib\server\dispatchers\dispatcher.js:312:22)
}">
      <![CDATA[com.microsoft.playwright.PlaywrightException: Error {
  message='net::ERR_TIMED_OUT at https://sisclientweb-900070.campusnexus.cloud/
=========================== logs ===========================
navigating to "https://sisclientweb-900070.campusnexus.cloud/", waiting until "load"
============================================================
  name='Error
  stack='Error: net::ERR_TIMED_OUT at https://sisclientweb-900070.campusnexus.cloud/
=========================== logs ===========================
navigating to "https://sisclientweb-900070.campusnexus.cloud/", waiting until "load"
============================================================
    at FrameSession._navigate (C:\Users\SnehaV\AppData\Local\Temp\playwright-java-6104101205915701911\package\lib\server\chromium\crPage.js:508:35)
    at async Frame._gotoAction (C:\Users\SnehaV\AppData\Local\Temp\playwright-java-6104101205915701911\package\lib\server\frames.js:538:28)
    at async ProgressController.run (C:\Users\SnehaV\AppData\Local\Temp\playwright-java-6104101205915701911\package\lib\server\progress.js:92:22)
    at async FrameDispatcher.goto (C:\Users\SnehaV\AppData\Local\Temp\playwright-java-6104101205915701911\package\lib\server\dispatchers\frameDispatcher.js:75:103)
    at async DispatcherConnection.dispatch (C:\Users\SnehaV\AppData\Local\Temp\playwright-java-6104101205915701911\package\lib\server\dispatchers\dispatcher.js:312:22)
}
at com.microsoft.playwright.impl.WaitableResult.get(WaitableResult.java:54)
at com.microsoft.playwright.impl.ChannelOwner.runUntil(ChannelOwner.java:111)
at com.microsoft.playwright.impl.Connection.sendMessage(Connection.java:126)
at com.microsoft.playwright.impl.ChannelOwner.sendMessage(ChannelOwner.java:102)
at com.microsoft.playwright.impl.FrameImpl.navigateImpl(FrameImpl.java:463)
at com.microsoft.playwright.impl.PageImpl.lambda$navigate$45(PageImpl.java:836)
at com.microsoft.playwright.impl.LoggingSupport.withLogging(LoggingSupport.java:47)
at com.microsoft.playwright.impl.ChannelOwner.withLogging(ChannelOwner.java:87)
at com.microsoft.playwright.impl.PageImpl.navigate(PageImpl.java:836)
at com.microsoft.playwright.impl.PageImpl.navigate(PageImpl.java:42)
at com.microsoft.playwright.Page.navigate(Page.java:5282)
at genericFunctions.PlaywrightFactory.initBrowser(PlaywrightFactory.java:101)
at Stepdefinitions.Hooks.getProperty(Hooks.java:32)
Caused by: com.microsoft.playwright.impl.DriverException: Error {
  message='net::ERR_TIMED_OUT at https://sisclientweb-900070.campusnexus.cloud/
=========================== logs ===========================
navigating to "https://sisclientweb-900070.campusnexus.cloud/", waiting until "load"
============================================================
  name='Error
  stack='Error: net::ERR_TIMED_OUT at https://sisclientweb-900070.campusnexus.cloud/
=========================== logs ===========================
navigating to "https://sisclientweb-900070.campusnexus.cloud/", waiting until "load"
============================================================
    at FrameSession._navigate (C:\Users\SnehaV\AppData\Local\Temp\playwright-java-6104101205915701911\package\lib\server\chromium\crPage.js:508:35)
    at async Frame._gotoAction (C:\Users\SnehaV\AppData\Local\Temp\playwright-java-6104101205915701911\package\lib\server\frames.js:538:28)
    at async ProgressController.run (C:\Users\SnehaV\AppData\Local\Temp\playwright-java-6104101205915701911\package\lib\server\progress.js:92:22)
    at async FrameDispatcher.goto (C:\Users\SnehaV\AppData\Local\Temp\playwright-java-6104101205915701911\package\lib\server\dispatchers\frameDispatcher.js:75:103)
    at async DispatcherConnection.dispatch (C:\Users\SnehaV\AppData\Local\Temp\playwright-java-6104101205915701911\package\lib\server\dispatchers\dispatcher.js:312:22)
}
at com.microsoft.playwright.impl.Connection.dispatch(Connection.java:226)
at com.microsoft.playwright.impl.Connection.processOneMessage(Connection.java:206)
at com.microsoft.playwright.impl.ChannelOwner.runUntil(ChannelOwner.java:109)
at com.microsoft.playwright.impl.Connection.sendMessage(Connection.java:126)
at com.microsoft.playwright.impl.ChannelOwner.sendMessage(ChannelOwner.java:102)
at com.microsoft.playwright.impl.FrameImpl.navigateImpl(FrameImpl.java:463)
at com.microsoft.playwright.impl.PageImpl.lambda$navigate$45(PageImpl.java:836)
at com.microsoft.playwright.impl.LoggingSupport.withLogging(LoggingSupport.java:47)
at com.microsoft.playwright.impl.ChannelOwner.withLogging(ChannelOwner.java:87)
at com.microsoft.playwright.impl.PageImpl.navigate(PageImpl.java:836)
at com.microsoft.playwright.impl.PageImpl.navigate(PageImpl.java:42)
at com.microsoft.playwright.Page.navigate(Page.java:5282)
at genericFunctions.PlaywrightFactory.initBrowser(PlaywrightFactory.java:101)
at Stepdefinitions.Hooks.getProperty(Hooks.java:32)
at io.cucumber.java.Invoker.doInvoke(Invoker.java:66)
at io.cucumber.java.Invoker.invoke(Invoker.java:24)
at io.cucumber.java.AbstractGlueDefinition.invokeMethod(AbstractGlueDefinition.java:47)
at io.cucumber.java.JavaHookDefinition.execute(JavaHookDefinition.java:59)
at io.cucumber.core.runner.CoreHookDefinition.execute(CoreHookDefinition.java:46)
at io.cucumber.core.runner.HookDefinitionMatch.runStep(HookDefinitionMatch.java:21)
at io.cucumber.core.runner.ExecutionMode$1.execute(ExecutionMode.java:10)
at io.cucumber.core.runner.TestStep.executeStep(TestStep.java:92)
at io.cucumber.core.runner.TestStep.run(TestStep.java:64)
at io.cucumber.core.runner.TestCase.run(TestCase.java:98)
at io.cucumber.core.runner.Runner.runPickle(Runner.java:71)
at io.cucumber.testng.TestNGCucumberRunner.lambda$runScenario$0(TestNGCucumberRunner.java:116)
at io.cucumber.core.runtime.CucumberExecutionContext.runTestCase(CucumberExecutionContext.java:117)
at io.cucumber.testng.TestNGCucumberRunner.runScenario(TestNGCucumberRunner.java:113)
at io.cucumber.testng.AbstractTestNGCucumberTests.runScenario(AbstractTestNGCucumberTests.java:31)
at java.base/java.util.concurrent.ThreadPoolExecutor.runWorker(ThreadPoolExecutor.java:1136)
at java.base/java.util.concurrent.ThreadPoolExecutor$Worker.run(ThreadPoolExecutor.java:635)
at java.base/java.lang.Thread.run(Thread.java:833)
... Removed 16 stack frames]]>
    </failure>
  </testcase> <!-- runScenario -->
  <testcase classname="io.cucumber.testng.AbstractTestNGCucumberTests" name="runScenario" time="72.912">
    <failure type="com.microsoft.playwright.TimeoutError" message="Error {
  message=&amp;apos;Timeout 40000ms exceeded.
=========================== logs ===========================
navigating to &amp;quot;https://sisclientweb-900070.campusnexus.cloud/&amp;quot;, waiting until &amp;quot;load&amp;quot;
============================================================
  name=&amp;apos;TimeoutError
  stack=&amp;apos;TimeoutError: Timeout 40000ms exceeded.
=========================== logs ===========================
navigating to &amp;quot;https://sisclientweb-900070.campusnexus.cloud/&amp;quot;, waiting until &amp;quot;load&amp;quot;
============================================================
    at ProgressController.run (C:\Users\SnehaV\AppData\Local\Temp\playwright-java-6104101205915701911\package\lib\server\progress.js:88:26)
    at Frame.goto (C:\Users\SnehaV\AppData\Local\Temp\playwright-java-6104101205915701911\package\lib\server\frames.js:521:23)
    at FrameDispatcher.goto (C:\Users\SnehaV\AppData\Local\Temp\playwright-java-6104101205915701911\package\lib\server\dispatchers\frameDispatcher.js:75:121)
    at DispatcherConnection.dispatch (C:\Users\SnehaV\AppData\Local\Temp\playwright-java-6104101205915701911\package\lib\server\dispatchers\dispatcher.js:312:46)
}">
      <![CDATA[com.microsoft.playwright.TimeoutError: Error {
  message='Timeout 40000ms exceeded.
=========================== logs ===========================
navigating to "https://sisclientweb-900070.campusnexus.cloud/", waiting until "load"
============================================================
  name='TimeoutError
  stack='TimeoutError: Timeout 40000ms exceeded.
=========================== logs ===========================
navigating to "https://sisclientweb-900070.campusnexus.cloud/", waiting until "load"
============================================================
    at ProgressController.run (C:\Users\SnehaV\AppData\Local\Temp\playwright-java-6104101205915701911\package\lib\server\progress.js:88:26)
    at Frame.goto (C:\Users\SnehaV\AppData\Local\Temp\playwright-java-6104101205915701911\package\lib\server\frames.js:521:23)
    at FrameDispatcher.goto (C:\Users\SnehaV\AppData\Local\Temp\playwright-java-6104101205915701911\package\lib\server\dispatchers\frameDispatcher.js:75:121)
    at DispatcherConnection.dispatch (C:\Users\SnehaV\AppData\Local\Temp\playwright-java-6104101205915701911\package\lib\server\dispatchers\dispatcher.js:312:46)
}
at com.microsoft.playwright.impl.WaitableResult.get(WaitableResult.java:52)
at com.microsoft.playwright.impl.ChannelOwner.runUntil(ChannelOwner.java:111)
at com.microsoft.playwright.impl.Connection.sendMessage(Connection.java:126)
at com.microsoft.playwright.impl.ChannelOwner.sendMessage(ChannelOwner.java:102)
at com.microsoft.playwright.impl.FrameImpl.navigateImpl(FrameImpl.java:463)
at com.microsoft.playwright.impl.PageImpl.lambda$navigate$45(PageImpl.java:836)
at com.microsoft.playwright.impl.LoggingSupport.withLogging(LoggingSupport.java:47)
at com.microsoft.playwright.impl.ChannelOwner.withLogging(ChannelOwner.java:87)
at com.microsoft.playwright.impl.PageImpl.navigate(PageImpl.java:836)
at com.microsoft.playwright.impl.PageImpl.navigate(PageImpl.java:42)
at com.microsoft.playwright.Page.navigate(Page.java:5282)
at genericFunctions.PlaywrightFactory.initBrowser(PlaywrightFactory.java:101)
at Stepdefinitions.Hooks.getProperty(Hooks.java:32)
Caused by: com.microsoft.playwright.TimeoutError: Error {
  message='Timeout 40000ms exceeded.
=========================== logs ===========================
navigating to "https://sisclientweb-900070.campusnexus.cloud/", waiting until "load"
============================================================
  name='TimeoutError
  stack='TimeoutError: Timeout 40000ms exceeded.
=========================== logs ===========================
navigating to "https://sisclientweb-900070.campusnexus.cloud/", waiting until "load"
============================================================
    at ProgressController.run (C:\Users\SnehaV\AppData\Local\Temp\playwright-java-6104101205915701911\package\lib\server\progress.js:88:26)
    at Frame.goto (C:\Users\SnehaV\AppData\Local\Temp\playwright-java-6104101205915701911\package\lib\server\frames.js:521:23)
    at FrameDispatcher.goto (C:\Users\SnehaV\AppData\Local\Temp\playwright-java-6104101205915701911\package\lib\server\dispatchers\frameDispatcher.js:75:121)
    at DispatcherConnection.dispatch (C:\Users\SnehaV\AppData\Local\Temp\playwright-java-6104101205915701911\package\lib\server\dispatchers\dispatcher.js:312:46)
}
at com.microsoft.playwright.impl.Connection.dispatch(Connection.java:224)
at com.microsoft.playwright.impl.Connection.processOneMessage(Connection.java:206)
at com.microsoft.playwright.impl.ChannelOwner.runUntil(ChannelOwner.java:109)
at com.microsoft.playwright.impl.Connection.sendMessage(Connection.java:126)
at com.microsoft.playwright.impl.ChannelOwner.sendMessage(ChannelOwner.java:102)
at com.microsoft.playwright.impl.FrameImpl.navigateImpl(FrameImpl.java:463)
at com.microsoft.playwright.impl.PageImpl.lambda$navigate$45(PageImpl.java:836)
at com.microsoft.playwright.impl.LoggingSupport.withLogging(LoggingSupport.java:47)
at com.microsoft.playwright.impl.ChannelOwner.withLogging(ChannelOwner.java:87)
at com.microsoft.playwright.impl.PageImpl.navigate(PageImpl.java:836)
at com.microsoft.playwright.impl.PageImpl.navigate(PageImpl.java:42)
at com.microsoft.playwright.Page.navigate(Page.java:5282)
at genericFunctions.PlaywrightFactory.initBrowser(PlaywrightFactory.java:101)
at Stepdefinitions.Hooks.getProperty(Hooks.java:32)
at io.cucumber.java.Invoker.doInvoke(Invoker.java:66)
at io.cucumber.java.Invoker.invoke(Invoker.java:24)
at io.cucumber.java.AbstractGlueDefinition.invokeMethod(AbstractGlueDefinition.java:47)
at io.cucumber.java.JavaHookDefinition.execute(JavaHookDefinition.java:59)
at io.cucumber.core.runner.CoreHookDefinition.execute(CoreHookDefinition.java:46)
at io.cucumber.core.runner.HookDefinitionMatch.runStep(HookDefinitionMatch.java:21)
at io.cucumber.core.runner.ExecutionMode$1.execute(ExecutionMode.java:10)
at io.cucumber.core.runner.TestStep.executeStep(TestStep.java:92)
at io.cucumber.core.runner.TestStep.run(TestStep.java:64)
at io.cucumber.core.runner.TestCase.run(TestCase.java:98)
at io.cucumber.core.runner.Runner.runPickle(Runner.java:71)
at io.cucumber.testng.TestNGCucumberRunner.lambda$runScenario$0(TestNGCucumberRunner.java:116)
at io.cucumber.core.runtime.CucumberExecutionContext.runTestCase(CucumberExecutionContext.java:117)
at io.cucumber.testng.TestNGCucumberRunner.runScenario(TestNGCucumberRunner.java:113)
at io.cucumber.testng.AbstractTestNGCucumberTests.runScenario(AbstractTestNGCucumberTests.java:31)
at java.base/java.util.concurrent.ThreadPoolExecutor.runWorker(ThreadPoolExecutor.java:1136)
at java.base/java.util.concurrent.ThreadPoolExecutor$Worker.run(ThreadPoolExecutor.java:635)
at java.base/java.lang.Thread.run(Thread.java:833)
... Removed 16 stack frames]]>
    </failure>
  </testcase> <!-- runScenario -->
  <testcase classname="io.cucumber.testng.AbstractTestNGCucumberTests" name="runScenario" time="74.664">
    <failure type="com.microsoft.playwright.TimeoutError" message="Error {
  message=&amp;apos;Timeout 40000ms exceeded.
=========================== logs ===========================
navigating to &amp;quot;https://sisclientweb-900070.campusnexus.cloud/&amp;quot;, waiting until &amp;quot;load&amp;quot;
============================================================
  name=&amp;apos;TimeoutError
  stack=&amp;apos;TimeoutError: Timeout 40000ms exceeded.
=========================== logs ===========================
navigating to &amp;quot;https://sisclientweb-900070.campusnexus.cloud/&amp;quot;, waiting until &amp;quot;load&amp;quot;
============================================================
    at ProgressController.run (C:\Users\SnehaV\AppData\Local\Temp\playwright-java-6104101205915701911\package\lib\server\progress.js:88:26)
    at Frame.goto (C:\Users\SnehaV\AppData\Local\Temp\playwright-java-6104101205915701911\package\lib\server\frames.js:521:23)
    at FrameDispatcher.goto (C:\Users\SnehaV\AppData\Local\Temp\playwright-java-6104101205915701911\package\lib\server\dispatchers\frameDispatcher.js:75:121)
    at DispatcherConnection.dispatch (C:\Users\SnehaV\AppData\Local\Temp\playwright-java-6104101205915701911\package\lib\server\dispatchers\dispatcher.js:312:46)
}">
      <![CDATA[com.microsoft.playwright.TimeoutError: Error {
  message='Timeout 40000ms exceeded.
=========================== logs ===========================
navigating to "https://sisclientweb-900070.campusnexus.cloud/", waiting until "load"
============================================================
  name='TimeoutError
  stack='TimeoutError: Timeout 40000ms exceeded.
=========================== logs ===========================
navigating to "https://sisclientweb-900070.campusnexus.cloud/", waiting until "load"
============================================================
    at ProgressController.run (C:\Users\SnehaV\AppData\Local\Temp\playwright-java-6104101205915701911\package\lib\server\progress.js:88:26)
    at Frame.goto (C:\Users\SnehaV\AppData\Local\Temp\playwright-java-6104101205915701911\package\lib\server\frames.js:521:23)
    at FrameDispatcher.goto (C:\Users\SnehaV\AppData\Local\Temp\playwright-java-6104101205915701911\package\lib\server\dispatchers\frameDispatcher.js:75:121)
    at DispatcherConnection.dispatch (C:\Users\SnehaV\AppData\Local\Temp\playwright-java-6104101205915701911\package\lib\server\dispatchers\dispatcher.js:312:46)
}
at com.microsoft.playwright.impl.WaitableResult.get(WaitableResult.java:52)
at com.microsoft.playwright.impl.ChannelOwner.runUntil(ChannelOwner.java:111)
at com.microsoft.playwright.impl.Connection.sendMessage(Connection.java:126)
at com.microsoft.playwright.impl.ChannelOwner.sendMessage(ChannelOwner.java:102)
at com.microsoft.playwright.impl.FrameImpl.navigateImpl(FrameImpl.java:463)
at com.microsoft.playwright.impl.PageImpl.lambda$navigate$45(PageImpl.java:836)
at com.microsoft.playwright.impl.LoggingSupport.withLogging(LoggingSupport.java:47)
at com.microsoft.playwright.impl.ChannelOwner.withLogging(ChannelOwner.java:87)
at com.microsoft.playwright.impl.PageImpl.navigate(PageImpl.java:836)
at com.microsoft.playwright.impl.PageImpl.navigate(PageImpl.java:42)
at com.microsoft.playwright.Page.navigate(Page.java:5282)
at genericFunctions.PlaywrightFactory.initBrowser(PlaywrightFactory.java:101)
at Stepdefinitions.Hooks.getProperty(Hooks.java:32)
Caused by: com.microsoft.playwright.TimeoutError: Error {
  message='Timeout 40000ms exceeded.
=========================== logs ===========================
navigating to "https://sisclientweb-900070.campusnexus.cloud/", waiting until "load"
============================================================
  name='TimeoutError
  stack='TimeoutError: Timeout 40000ms exceeded.
=========================== logs ===========================
navigating to "https://sisclientweb-900070.campusnexus.cloud/", waiting until "load"
============================================================
    at ProgressController.run (C:\Users\SnehaV\AppData\Local\Temp\playwright-java-6104101205915701911\package\lib\server\progress.js:88:26)
    at Frame.goto (C:\Users\SnehaV\AppData\Local\Temp\playwright-java-6104101205915701911\package\lib\server\frames.js:521:23)
    at FrameDispatcher.goto (C:\Users\SnehaV\AppData\Local\Temp\playwright-java-6104101205915701911\package\lib\server\dispatchers\frameDispatcher.js:75:121)
    at DispatcherConnection.dispatch (C:\Users\SnehaV\AppData\Local\Temp\playwright-java-6104101205915701911\package\lib\server\dispatchers\dispatcher.js:312:46)
}
at com.microsoft.playwright.impl.Connection.dispatch(Connection.java:224)
at com.microsoft.playwright.impl.Connection.processOneMessage(Connection.java:206)
at com.microsoft.playwright.impl.ChannelOwner.runUntil(ChannelOwner.java:109)
at com.microsoft.playwright.impl.Connection.sendMessage(Connection.java:126)
at com.microsoft.playwright.impl.ChannelOwner.sendMessage(ChannelOwner.java:102)
at com.microsoft.playwright.impl.FrameImpl.navigateImpl(FrameImpl.java:463)
at com.microsoft.playwright.impl.PageImpl.lambda$navigate$45(PageImpl.java:836)
at com.microsoft.playwright.impl.LoggingSupport.withLogging(LoggingSupport.java:47)
at com.microsoft.playwright.impl.ChannelOwner.withLogging(ChannelOwner.java:87)
at com.microsoft.playwright.impl.PageImpl.navigate(PageImpl.java:836)
at com.microsoft.playwright.impl.PageImpl.navigate(PageImpl.java:42)
at com.microsoft.playwright.Page.navigate(Page.java:5282)
at genericFunctions.PlaywrightFactory.initBrowser(PlaywrightFactory.java:101)
at Stepdefinitions.Hooks.getProperty(Hooks.java:32)
at io.cucumber.java.Invoker.doInvoke(Invoker.java:66)
at io.cucumber.java.Invoker.invoke(Invoker.java:24)
at io.cucumber.java.AbstractGlueDefinition.invokeMethod(AbstractGlueDefinition.java:47)
at io.cucumber.java.JavaHookDefinition.execute(JavaHookDefinition.java:59)
at io.cucumber.core.runner.CoreHookDefinition.execute(CoreHookDefinition.java:46)
at io.cucumber.core.runner.HookDefinitionMatch.runStep(HookDefinitionMatch.java:21)
at io.cucumber.core.runner.ExecutionMode$1.execute(ExecutionMode.java:10)
at io.cucumber.core.runner.TestStep.executeStep(TestStep.java:92)
at io.cucumber.core.runner.TestStep.run(TestStep.java:64)
at io.cucumber.core.runner.TestCase.run(TestCase.java:98)
at io.cucumber.core.runner.Runner.runPickle(Runner.java:71)
at io.cucumber.testng.TestNGCucumberRunner.lambda$runScenario$0(TestNGCucumberRunner.java:116)
at io.cucumber.core.runtime.CucumberExecutionContext.runTestCase(CucumberExecutionContext.java:117)
at io.cucumber.testng.TestNGCucumberRunner.runScenario(TestNGCucumberRunner.java:113)
at io.cucumber.testng.AbstractTestNGCucumberTests.runScenario(AbstractTestNGCucumberTests.java:31)
at java.base/java.util.concurrent.ThreadPoolExecutor.runWorker(ThreadPoolExecutor.java:1136)
at java.base/java.util.concurrent.ThreadPoolExecutor$Worker.run(ThreadPoolExecutor.java:635)
at java.base/java.lang.Thread.run(Thread.java:833)
... Removed 16 stack frames]]>
    </failure>
  </testcase> <!-- runScenario -->
  <testcase classname="io.cucumber.testng.AbstractTestNGCucumberTests" name="runScenario" time="64.244">
    <failure type="com.microsoft.playwright.PlaywrightException" message="Error {
  message=&amp;apos;net::ERR_TIMED_OUT at https://sisclientweb-900070.campusnexus.cloud/
=========================== logs ===========================
navigating to &amp;quot;https://sisclientweb-900070.campusnexus.cloud/&amp;quot;, waiting until &amp;quot;load&amp;quot;
============================================================
  name=&amp;apos;Error
  stack=&amp;apos;Error: net::ERR_TIMED_OUT at https://sisclientweb-900070.campusnexus.cloud/
=========================== logs ===========================
navigating to &amp;quot;https://sisclientweb-900070.campusnexus.cloud/&amp;quot;, waiting until &amp;quot;load&amp;quot;
============================================================
    at FrameSession._navigate (C:\Users\SnehaV\AppData\Local\Temp\playwright-java-6104101205915701911\package\lib\server\chromium\crPage.js:508:35)
    at async Frame._gotoAction (C:\Users\SnehaV\AppData\Local\Temp\playwright-java-6104101205915701911\package\lib\server\frames.js:538:28)
    at async ProgressController.run (C:\Users\SnehaV\AppData\Local\Temp\playwright-java-6104101205915701911\package\lib\server\progress.js:92:22)
    at async FrameDispatcher.goto (C:\Users\SnehaV\AppData\Local\Temp\playwright-java-6104101205915701911\package\lib\server\dispatchers\frameDispatcher.js:75:103)
    at async DispatcherConnection.dispatch (C:\Users\SnehaV\AppData\Local\Temp\playwright-java-6104101205915701911\package\lib\server\dispatchers\dispatcher.js:312:22)
}">
      <![CDATA[com.microsoft.playwright.PlaywrightException: Error {
  message='net::ERR_TIMED_OUT at https://sisclientweb-900070.campusnexus.cloud/
=========================== logs ===========================
navigating to "https://sisclientweb-900070.campusnexus.cloud/", waiting until "load"
============================================================
  name='Error
  stack='Error: net::ERR_TIMED_OUT at https://sisclientweb-900070.campusnexus.cloud/
=========================== logs ===========================
navigating to "https://sisclientweb-900070.campusnexus.cloud/", waiting until "load"
============================================================
    at FrameSession._navigate (C:\Users\SnehaV\AppData\Local\Temp\playwright-java-6104101205915701911\package\lib\server\chromium\crPage.js:508:35)
    at async Frame._gotoAction (C:\Users\SnehaV\AppData\Local\Temp\playwright-java-6104101205915701911\package\lib\server\frames.js:538:28)
    at async ProgressController.run (C:\Users\SnehaV\AppData\Local\Temp\playwright-java-6104101205915701911\package\lib\server\progress.js:92:22)
    at async FrameDispatcher.goto (C:\Users\SnehaV\AppData\Local\Temp\playwright-java-6104101205915701911\package\lib\server\dispatchers\frameDispatcher.js:75:103)
    at async DispatcherConnection.dispatch (C:\Users\SnehaV\AppData\Local\Temp\playwright-java-6104101205915701911\package\lib\server\dispatchers\dispatcher.js:312:22)
}
at com.microsoft.playwright.impl.WaitableResult.get(WaitableResult.java:54)
at com.microsoft.playwright.impl.ChannelOwner.runUntil(ChannelOwner.java:111)
at com.microsoft.playwright.impl.Connection.sendMessage(Connection.java:126)
at com.microsoft.playwright.impl.ChannelOwner.sendMessage(ChannelOwner.java:102)
at com.microsoft.playwright.impl.FrameImpl.navigateImpl(FrameImpl.java:463)
at com.microsoft.playwright.impl.PageImpl.lambda$navigate$45(PageImpl.java:836)
at com.microsoft.playwright.impl.LoggingSupport.withLogging(LoggingSupport.java:47)
at com.microsoft.playwright.impl.ChannelOwner.withLogging(ChannelOwner.java:87)
at com.microsoft.playwright.impl.PageImpl.navigate(PageImpl.java:836)
at com.microsoft.playwright.impl.PageImpl.navigate(PageImpl.java:42)
at com.microsoft.playwright.Page.navigate(Page.java:5282)
at genericFunctions.PlaywrightFactory.initBrowser(PlaywrightFactory.java:101)
at Stepdefinitions.Hooks.getProperty(Hooks.java:32)
Caused by: com.microsoft.playwright.impl.DriverException: Error {
  message='net::ERR_TIMED_OUT at https://sisclientweb-900070.campusnexus.cloud/
=========================== logs ===========================
navigating to "https://sisclientweb-900070.campusnexus.cloud/", waiting until "load"
============================================================
  name='Error
  stack='Error: net::ERR_TIMED_OUT at https://sisclientweb-900070.campusnexus.cloud/
=========================== logs ===========================
navigating to "https://sisclientweb-900070.campusnexus.cloud/", waiting until "load"
============================================================
    at FrameSession._navigate (C:\Users\SnehaV\AppData\Local\Temp\playwright-java-6104101205915701911\package\lib\server\chromium\crPage.js:508:35)
    at async Frame._gotoAction (C:\Users\SnehaV\AppData\Local\Temp\playwright-java-6104101205915701911\package\lib\server\frames.js:538:28)
    at async ProgressController.run (C:\Users\SnehaV\AppData\Local\Temp\playwright-java-6104101205915701911\package\lib\server\progress.js:92:22)
    at async FrameDispatcher.goto (C:\Users\SnehaV\AppData\Local\Temp\playwright-java-6104101205915701911\package\lib\server\dispatchers\frameDispatcher.js:75:103)
    at async DispatcherConnection.dispatch (C:\Users\SnehaV\AppData\Local\Temp\playwright-java-6104101205915701911\package\lib\server\dispatchers\dispatcher.js:312:22)
}
at com.microsoft.playwright.impl.Connection.dispatch(Connection.java:226)
at com.microsoft.playwright.impl.Connection.processOneMessage(Connection.java:206)
at com.microsoft.playwright.impl.ChannelOwner.runUntil(ChannelOwner.java:109)
at com.microsoft.playwright.impl.Connection.sendMessage(Connection.java:126)
at com.microsoft.playwright.impl.ChannelOwner.sendMessage(ChannelOwner.java:102)
at com.microsoft.playwright.impl.FrameImpl.navigateImpl(FrameImpl.java:463)
at com.microsoft.playwright.impl.PageImpl.lambda$navigate$45(PageImpl.java:836)
at com.microsoft.playwright.impl.LoggingSupport.withLogging(LoggingSupport.java:47)
at com.microsoft.playwright.impl.ChannelOwner.withLogging(ChannelOwner.java:87)
at com.microsoft.playwright.impl.PageImpl.navigate(PageImpl.java:836)
at com.microsoft.playwright.impl.PageImpl.navigate(PageImpl.java:42)
at com.microsoft.playwright.Page.navigate(Page.java:5282)
at genericFunctions.PlaywrightFactory.initBrowser(PlaywrightFactory.java:101)
at Stepdefinitions.Hooks.getProperty(Hooks.java:32)
at io.cucumber.java.Invoker.doInvoke(Invoker.java:66)
at io.cucumber.java.Invoker.invoke(Invoker.java:24)
at io.cucumber.java.AbstractGlueDefinition.invokeMethod(AbstractGlueDefinition.java:47)
at io.cucumber.java.JavaHookDefinition.execute(JavaHookDefinition.java:59)
at io.cucumber.core.runner.CoreHookDefinition.execute(CoreHookDefinition.java:46)
at io.cucumber.core.runner.HookDefinitionMatch.runStep(HookDefinitionMatch.java:21)
at io.cucumber.core.runner.ExecutionMode$1.execute(ExecutionMode.java:10)
at io.cucumber.core.runner.TestStep.executeStep(TestStep.java:92)
at io.cucumber.core.runner.TestStep.run(TestStep.java:64)
at io.cucumber.core.runner.TestCase.run(TestCase.java:98)
at io.cucumber.core.runner.Runner.runPickle(Runner.java:71)
at io.cucumber.testng.TestNGCucumberRunner.lambda$runScenario$0(TestNGCucumberRunner.java:116)
at io.cucumber.core.runtime.CucumberExecutionContext.runTestCase(CucumberExecutionContext.java:117)
at io.cucumber.testng.TestNGCucumberRunner.runScenario(TestNGCucumberRunner.java:113)
at io.cucumber.testng.AbstractTestNGCucumberTests.runScenario(AbstractTestNGCucumberTests.java:31)
at java.base/java.util.concurrent.ThreadPoolExecutor.runWorker(ThreadPoolExecutor.java:1136)
at java.base/java.util.concurrent.ThreadPoolExecutor$Worker.run(ThreadPoolExecutor.java:635)
at java.base/java.lang.Thread.run(Thread.java:833)
... Removed 16 stack frames]]>
    </failure>
  </testcase> <!-- runScenario -->
  <testcase classname="io.cucumber.testng.AbstractTestNGCucumberTests" name="runScenario" time="63.205">
    <failure type="com.microsoft.playwright.PlaywrightException" message="Error {
  message=&amp;apos;net::ERR_TIMED_OUT at https://sisclientweb-900070.campusnexus.cloud/
=========================== logs ===========================
navigating to &amp;quot;https://sisclientweb-900070.campusnexus.cloud/&amp;quot;, waiting until &amp;quot;load&amp;quot;
============================================================
  name=&amp;apos;Error
  stack=&amp;apos;Error: net::ERR_TIMED_OUT at https://sisclientweb-900070.campusnexus.cloud/
=========================== logs ===========================
navigating to &amp;quot;https://sisclientweb-900070.campusnexus.cloud/&amp;quot;, waiting until &amp;quot;load&amp;quot;
============================================================
    at FrameSession._navigate (C:\Users\SnehaV\AppData\Local\Temp\playwright-java-6104101205915701911\package\lib\server\chromium\crPage.js:508:35)
    at async Frame._gotoAction (C:\Users\SnehaV\AppData\Local\Temp\playwright-java-6104101205915701911\package\lib\server\frames.js:538:28)
    at async ProgressController.run (C:\Users\SnehaV\AppData\Local\Temp\playwright-java-6104101205915701911\package\lib\server\progress.js:92:22)
    at async FrameDispatcher.goto (C:\Users\SnehaV\AppData\Local\Temp\playwright-java-6104101205915701911\package\lib\server\dispatchers\frameDispatcher.js:75:103)
    at async DispatcherConnection.dispatch (C:\Users\SnehaV\AppData\Local\Temp\playwright-java-6104101205915701911\package\lib\server\dispatchers\dispatcher.js:312:22)
}">
      <![CDATA[com.microsoft.playwright.PlaywrightException: Error {
  message='net::ERR_TIMED_OUT at https://sisclientweb-900070.campusnexus.cloud/
=========================== logs ===========================
navigating to "https://sisclientweb-900070.campusnexus.cloud/", waiting until "load"
============================================================
  name='Error
  stack='Error: net::ERR_TIMED_OUT at https://sisclientweb-900070.campusnexus.cloud/
=========================== logs ===========================
navigating to "https://sisclientweb-900070.campusnexus.cloud/", waiting until "load"
============================================================
    at FrameSession._navigate (C:\Users\SnehaV\AppData\Local\Temp\playwright-java-6104101205915701911\package\lib\server\chromium\crPage.js:508:35)
    at async Frame._gotoAction (C:\Users\SnehaV\AppData\Local\Temp\playwright-java-6104101205915701911\package\lib\server\frames.js:538:28)
    at async ProgressController.run (C:\Users\SnehaV\AppData\Local\Temp\playwright-java-6104101205915701911\package\lib\server\progress.js:92:22)
    at async FrameDispatcher.goto (C:\Users\SnehaV\AppData\Local\Temp\playwright-java-6104101205915701911\package\lib\server\dispatchers\frameDispatcher.js:75:103)
    at async DispatcherConnection.dispatch (C:\Users\SnehaV\AppData\Local\Temp\playwright-java-6104101205915701911\package\lib\server\dispatchers\dispatcher.js:312:22)
}
at com.microsoft.playwright.impl.WaitableResult.get(WaitableResult.java:54)
at com.microsoft.playwright.impl.ChannelOwner.runUntil(ChannelOwner.java:111)
at com.microsoft.playwright.impl.Connection.sendMessage(Connection.java:126)
at com.microsoft.playwright.impl.ChannelOwner.sendMessage(ChannelOwner.java:102)
at com.microsoft.playwright.impl.FrameImpl.navigateImpl(FrameImpl.java:463)
at com.microsoft.playwright.impl.PageImpl.lambda$navigate$45(PageImpl.java:836)
at com.microsoft.playwright.impl.LoggingSupport.withLogging(LoggingSupport.java:47)
at com.microsoft.playwright.impl.ChannelOwner.withLogging(ChannelOwner.java:87)
at com.microsoft.playwright.impl.PageImpl.navigate(PageImpl.java:836)
at com.microsoft.playwright.impl.PageImpl.navigate(PageImpl.java:42)
at com.microsoft.playwright.Page.navigate(Page.java:5282)
at genericFunctions.PlaywrightFactory.initBrowser(PlaywrightFactory.java:101)
at Stepdefinitions.Hooks.getProperty(Hooks.java:32)
Caused by: com.microsoft.playwright.impl.DriverException: Error {
  message='net::ERR_TIMED_OUT at https://sisclientweb-900070.campusnexus.cloud/
=========================== logs ===========================
navigating to "https://sisclientweb-900070.campusnexus.cloud/", waiting until "load"
============================================================
  name='Error
  stack='Error: net::ERR_TIMED_OUT at https://sisclientweb-900070.campusnexus.cloud/
=========================== logs ===========================
navigating to "https://sisclientweb-900070.campusnexus.cloud/", waiting until "load"
============================================================
    at FrameSession._navigate (C:\Users\SnehaV\AppData\Local\Temp\playwright-java-6104101205915701911\package\lib\server\chromium\crPage.js:508:35)
    at async Frame._gotoAction (C:\Users\SnehaV\AppData\Local\Temp\playwright-java-6104101205915701911\package\lib\server\frames.js:538:28)
    at async ProgressController.run (C:\Users\SnehaV\AppData\Local\Temp\playwright-java-6104101205915701911\package\lib\server\progress.js:92:22)
    at async FrameDispatcher.goto (C:\Users\SnehaV\AppData\Local\Temp\playwright-java-6104101205915701911\package\lib\server\dispatchers\frameDispatcher.js:75:103)
    at async DispatcherConnection.dispatch (C:\Users\SnehaV\AppData\Local\Temp\playwright-java-6104101205915701911\package\lib\server\dispatchers\dispatcher.js:312:22)
}
at com.microsoft.playwright.impl.Connection.dispatch(Connection.java:226)
at com.microsoft.playwright.impl.Connection.processOneMessage(Connection.java:206)
at com.microsoft.playwright.impl.ChannelOwner.runUntil(ChannelOwner.java:109)
at com.microsoft.playwright.impl.Connection.sendMessage(Connection.java:126)
at com.microsoft.playwright.impl.ChannelOwner.sendMessage(ChannelOwner.java:102)
at com.microsoft.playwright.impl.FrameImpl.navigateImpl(FrameImpl.java:463)
at com.microsoft.playwright.impl.PageImpl.lambda$navigate$45(PageImpl.java:836)
at com.microsoft.playwright.impl.LoggingSupport.withLogging(LoggingSupport.java:47)
at com.microsoft.playwright.impl.ChannelOwner.withLogging(ChannelOwner.java:87)
at com.microsoft.playwright.impl.PageImpl.navigate(PageImpl.java:836)
at com.microsoft.playwright.impl.PageImpl.navigate(PageImpl.java:42)
at com.microsoft.playwright.Page.navigate(Page.java:5282)
at genericFunctions.PlaywrightFactory.initBrowser(PlaywrightFactory.java:101)
at Stepdefinitions.Hooks.getProperty(Hooks.java:32)
at io.cucumber.java.Invoker.doInvoke(Invoker.java:66)
at io.cucumber.java.Invoker.invoke(Invoker.java:24)
at io.cucumber.java.AbstractGlueDefinition.invokeMethod(AbstractGlueDefinition.java:47)
at io.cucumber.java.JavaHookDefinition.execute(JavaHookDefinition.java:59)
at io.cucumber.core.runner.CoreHookDefinition.execute(CoreHookDefinition.java:46)
at io.cucumber.core.runner.HookDefinitionMatch.runStep(HookDefinitionMatch.java:21)
at io.cucumber.core.runner.ExecutionMode$1.execute(ExecutionMode.java:10)
at io.cucumber.core.runner.TestStep.executeStep(TestStep.java:92)
at io.cucumber.core.runner.TestStep.run(TestStep.java:64)
at io.cucumber.core.runner.TestCase.run(TestCase.java:98)
at io.cucumber.core.runner.Runner.runPickle(Runner.java:71)
at io.cucumber.testng.TestNGCucumberRunner.lambda$runScenario$0(TestNGCucumberRunner.java:116)
at io.cucumber.core.runtime.CucumberExecutionContext.runTestCase(CucumberExecutionContext.java:117)
at io.cucumber.testng.TestNGCucumberRunner.runScenario(TestNGCucumberRunner.java:113)
at io.cucumber.testng.AbstractTestNGCucumberTests.runScenario(AbstractTestNGCucumberTests.java:31)
at java.base/java.util.concurrent.ThreadPoolExecutor.runWorker(ThreadPoolExecutor.java:1136)
at java.base/java.util.concurrent.ThreadPoolExecutor$Worker.run(ThreadPoolExecutor.java:635)
at java.base/java.lang.Thread.run(Thread.java:833)
... Removed 16 stack frames]]>
    </failure>
  </testcase> <!-- runScenario -->
  <testcase classname="io.cucumber.testng.AbstractTestNGCucumberTests" name="runScenario" time="63.346">
    <failure type="com.microsoft.playwright.PlaywrightException" message="Error {
  message=&amp;apos;net::ERR_TIMED_OUT at https://sisclientweb-900070.campusnexus.cloud/
=========================== logs ===========================
navigating to &amp;quot;https://sisclientweb-900070.campusnexus.cloud/&amp;quot;, waiting until &amp;quot;load&amp;quot;
============================================================
  name=&amp;apos;Error
  stack=&amp;apos;Error: net::ERR_TIMED_OUT at https://sisclientweb-900070.campusnexus.cloud/
=========================== logs ===========================
navigating to &amp;quot;https://sisclientweb-900070.campusnexus.cloud/&amp;quot;, waiting until &amp;quot;load&amp;quot;
============================================================
    at FrameSession._navigate (C:\Users\SnehaV\AppData\Local\Temp\playwright-java-6104101205915701911\package\lib\server\chromium\crPage.js:508:35)
    at async Frame._gotoAction (C:\Users\SnehaV\AppData\Local\Temp\playwright-java-6104101205915701911\package\lib\server\frames.js:538:28)
    at async ProgressController.run (C:\Users\SnehaV\AppData\Local\Temp\playwright-java-6104101205915701911\package\lib\server\progress.js:92:22)
    at async FrameDispatcher.goto (C:\Users\SnehaV\AppData\Local\Temp\playwright-java-6104101205915701911\package\lib\server\dispatchers\frameDispatcher.js:75:103)
    at async DispatcherConnection.dispatch (C:\Users\SnehaV\AppData\Local\Temp\playwright-java-6104101205915701911\package\lib\server\dispatchers\dispatcher.js:312:22)
}">
      <![CDATA[com.microsoft.playwright.PlaywrightException: Error {
  message='net::ERR_TIMED_OUT at https://sisclientweb-900070.campusnexus.cloud/
=========================== logs ===========================
navigating to "https://sisclientweb-900070.campusnexus.cloud/", waiting until "load"
============================================================
  name='Error
  stack='Error: net::ERR_TIMED_OUT at https://sisclientweb-900070.campusnexus.cloud/
=========================== logs ===========================
navigating to "https://sisclientweb-900070.campusnexus.cloud/", waiting until "load"
============================================================
    at FrameSession._navigate (C:\Users\SnehaV\AppData\Local\Temp\playwright-java-6104101205915701911\package\lib\server\chromium\crPage.js:508:35)
    at async Frame._gotoAction (C:\Users\SnehaV\AppData\Local\Temp\playwright-java-6104101205915701911\package\lib\server\frames.js:538:28)
    at async ProgressController.run (C:\Users\SnehaV\AppData\Local\Temp\playwright-java-6104101205915701911\package\lib\server\progress.js:92:22)
    at async FrameDispatcher.goto (C:\Users\SnehaV\AppData\Local\Temp\playwright-java-6104101205915701911\package\lib\server\dispatchers\frameDispatcher.js:75:103)
    at async DispatcherConnection.dispatch (C:\Users\SnehaV\AppData\Local\Temp\playwright-java-6104101205915701911\package\lib\server\dispatchers\dispatcher.js:312:22)
}
at com.microsoft.playwright.impl.WaitableResult.get(WaitableResult.java:54)
at com.microsoft.playwright.impl.ChannelOwner.runUntil(ChannelOwner.java:111)
at com.microsoft.playwright.impl.Connection.sendMessage(Connection.java:126)
at com.microsoft.playwright.impl.ChannelOwner.sendMessage(ChannelOwner.java:102)
at com.microsoft.playwright.impl.FrameImpl.navigateImpl(FrameImpl.java:463)
at com.microsoft.playwright.impl.PageImpl.lambda$navigate$45(PageImpl.java:836)
at com.microsoft.playwright.impl.LoggingSupport.withLogging(LoggingSupport.java:47)
at com.microsoft.playwright.impl.ChannelOwner.withLogging(ChannelOwner.java:87)
at com.microsoft.playwright.impl.PageImpl.navigate(PageImpl.java:836)
at com.microsoft.playwright.impl.PageImpl.navigate(PageImpl.java:42)
at com.microsoft.playwright.Page.navigate(Page.java:5282)
at genericFunctions.PlaywrightFactory.initBrowser(PlaywrightFactory.java:101)
at Stepdefinitions.Hooks.getProperty(Hooks.java:32)
Caused by: com.microsoft.playwright.impl.DriverException: Error {
  message='net::ERR_TIMED_OUT at https://sisclientweb-900070.campusnexus.cloud/
=========================== logs ===========================
navigating to "https://sisclientweb-900070.campusnexus.cloud/", waiting until "load"
============================================================
  name='Error
  stack='Error: net::ERR_TIMED_OUT at https://sisclientweb-900070.campusnexus.cloud/
=========================== logs ===========================
navigating to "https://sisclientweb-900070.campusnexus.cloud/", waiting until "load"
============================================================
    at FrameSession._navigate (C:\Users\SnehaV\AppData\Local\Temp\playwright-java-6104101205915701911\package\lib\server\chromium\crPage.js:508:35)
    at async Frame._gotoAction (C:\Users\SnehaV\AppData\Local\Temp\playwright-java-6104101205915701911\package\lib\server\frames.js:538:28)
    at async ProgressController.run (C:\Users\SnehaV\AppData\Local\Temp\playwright-java-6104101205915701911\package\lib\server\progress.js:92:22)
    at async FrameDispatcher.goto (C:\Users\SnehaV\AppData\Local\Temp\playwright-java-6104101205915701911\package\lib\server\dispatchers\frameDispatcher.js:75:103)
    at async DispatcherConnection.dispatch (C:\Users\SnehaV\AppData\Local\Temp\playwright-java-6104101205915701911\package\lib\server\dispatchers\dispatcher.js:312:22)
}
at com.microsoft.playwright.impl.Connection.dispatch(Connection.java:226)
at com.microsoft.playwright.impl.Connection.processOneMessage(Connection.java:206)
at com.microsoft.playwright.impl.ChannelOwner.runUntil(ChannelOwner.java:109)
at com.microsoft.playwright.impl.Connection.sendMessage(Connection.java:126)
at com.microsoft.playwright.impl.ChannelOwner.sendMessage(ChannelOwner.java:102)
at com.microsoft.playwright.impl.FrameImpl.navigateImpl(FrameImpl.java:463)
at com.microsoft.playwright.impl.PageImpl.lambda$navigate$45(PageImpl.java:836)
at com.microsoft.playwright.impl.LoggingSupport.withLogging(LoggingSupport.java:47)
at com.microsoft.playwright.impl.ChannelOwner.withLogging(ChannelOwner.java:87)
at com.microsoft.playwright.impl.PageImpl.navigate(PageImpl.java:836)
at com.microsoft.playwright.impl.PageImpl.navigate(PageImpl.java:42)
at com.microsoft.playwright.Page.navigate(Page.java:5282)
at genericFunctions.PlaywrightFactory.initBrowser(PlaywrightFactory.java:101)
at Stepdefinitions.Hooks.getProperty(Hooks.java:32)
at io.cucumber.java.Invoker.doInvoke(Invoker.java:66)
at io.cucumber.java.Invoker.invoke(Invoker.java:24)
at io.cucumber.java.AbstractGlueDefinition.invokeMethod(AbstractGlueDefinition.java:47)
at io.cucumber.java.JavaHookDefinition.execute(JavaHookDefinition.java:59)
at io.cucumber.core.runner.CoreHookDefinition.execute(CoreHookDefinition.java:46)
at io.cucumber.core.runner.HookDefinitionMatch.runStep(HookDefinitionMatch.java:21)
at io.cucumber.core.runner.ExecutionMode$1.execute(ExecutionMode.java:10)
at io.cucumber.core.runner.TestStep.executeStep(TestStep.java:92)
at io.cucumber.core.runner.TestStep.run(TestStep.java:64)
at io.cucumber.core.runner.TestCase.run(TestCase.java:98)
at io.cucumber.core.runner.Runner.runPickle(Runner.java:71)
at io.cucumber.testng.TestNGCucumberRunner.lambda$runScenario$0(TestNGCucumberRunner.java:116)
at io.cucumber.core.runtime.CucumberExecutionContext.runTestCase(CucumberExecutionContext.java:117)
at io.cucumber.testng.TestNGCucumberRunner.runScenario(TestNGCucumberRunner.java:113)
at io.cucumber.testng.AbstractTestNGCucumberTests.runScenario(AbstractTestNGCucumberTests.java:31)
at java.base/java.util.concurrent.ThreadPoolExecutor.runWorker(ThreadPoolExecutor.java:1136)
at java.base/java.util.concurrent.ThreadPoolExecutor$Worker.run(ThreadPoolExecutor.java:635)
at java.base/java.lang.Thread.run(Thread.java:833)
... Removed 16 stack frames]]>
    </failure>
  </testcase> <!-- runScenario -->
  <testcase classname="io.cucumber.testng.AbstractTestNGCucumberTests" name="runScenario" time="72.461">
    <failure type="com.microsoft.playwright.TimeoutError" message="Error {
  message=&amp;apos;Timeout 40000ms exceeded.
=========================== logs ===========================
navigating to &amp;quot;https://sisclientweb-900070.campusnexus.cloud/&amp;quot;, waiting until &amp;quot;load&amp;quot;
============================================================
  name=&amp;apos;TimeoutError
  stack=&amp;apos;TimeoutError: Timeout 40000ms exceeded.
=========================== logs ===========================
navigating to &amp;quot;https://sisclientweb-900070.campusnexus.cloud/&amp;quot;, waiting until &amp;quot;load&amp;quot;
============================================================
    at ProgressController.run (C:\Users\SnehaV\AppData\Local\Temp\playwright-java-6104101205915701911\package\lib\server\progress.js:88:26)
    at Frame.goto (C:\Users\SnehaV\AppData\Local\Temp\playwright-java-6104101205915701911\package\lib\server\frames.js:521:23)
    at FrameDispatcher.goto (C:\Users\SnehaV\AppData\Local\Temp\playwright-java-6104101205915701911\package\lib\server\dispatchers\frameDispatcher.js:75:121)
    at DispatcherConnection.dispatch (C:\Users\SnehaV\AppData\Local\Temp\playwright-java-6104101205915701911\package\lib\server\dispatchers\dispatcher.js:312:46)
}">
      <![CDATA[com.microsoft.playwright.TimeoutError: Error {
  message='Timeout 40000ms exceeded.
=========================== logs ===========================
navigating to "https://sisclientweb-900070.campusnexus.cloud/", waiting until "load"
============================================================
  name='TimeoutError
  stack='TimeoutError: Timeout 40000ms exceeded.
=========================== logs ===========================
navigating to "https://sisclientweb-900070.campusnexus.cloud/", waiting until "load"
============================================================
    at ProgressController.run (C:\Users\SnehaV\AppData\Local\Temp\playwright-java-6104101205915701911\package\lib\server\progress.js:88:26)
    at Frame.goto (C:\Users\SnehaV\AppData\Local\Temp\playwright-java-6104101205915701911\package\lib\server\frames.js:521:23)
    at FrameDispatcher.goto (C:\Users\SnehaV\AppData\Local\Temp\playwright-java-6104101205915701911\package\lib\server\dispatchers\frameDispatcher.js:75:121)
    at DispatcherConnection.dispatch (C:\Users\SnehaV\AppData\Local\Temp\playwright-java-6104101205915701911\package\lib\server\dispatchers\dispatcher.js:312:46)
}
at com.microsoft.playwright.impl.WaitableResult.get(WaitableResult.java:52)
at com.microsoft.playwright.impl.ChannelOwner.runUntil(ChannelOwner.java:111)
at com.microsoft.playwright.impl.Connection.sendMessage(Connection.java:126)
at com.microsoft.playwright.impl.ChannelOwner.sendMessage(ChannelOwner.java:102)
at com.microsoft.playwright.impl.FrameImpl.navigateImpl(FrameImpl.java:463)
at com.microsoft.playwright.impl.PageImpl.lambda$navigate$45(PageImpl.java:836)
at com.microsoft.playwright.impl.LoggingSupport.withLogging(LoggingSupport.java:47)
at com.microsoft.playwright.impl.ChannelOwner.withLogging(ChannelOwner.java:87)
at com.microsoft.playwright.impl.PageImpl.navigate(PageImpl.java:836)
at com.microsoft.playwright.impl.PageImpl.navigate(PageImpl.java:42)
at com.microsoft.playwright.Page.navigate(Page.java:5282)
at genericFunctions.PlaywrightFactory.initBrowser(PlaywrightFactory.java:101)
at Stepdefinitions.Hooks.getProperty(Hooks.java:32)
Caused by: com.microsoft.playwright.TimeoutError: Error {
  message='Timeout 40000ms exceeded.
=========================== logs ===========================
navigating to "https://sisclientweb-900070.campusnexus.cloud/", waiting until "load"
============================================================
  name='TimeoutError
  stack='TimeoutError: Timeout 40000ms exceeded.
=========================== logs ===========================
navigating to "https://sisclientweb-900070.campusnexus.cloud/", waiting until "load"
============================================================
    at ProgressController.run (C:\Users\SnehaV\AppData\Local\Temp\playwright-java-6104101205915701911\package\lib\server\progress.js:88:26)
    at Frame.goto (C:\Users\SnehaV\AppData\Local\Temp\playwright-java-6104101205915701911\package\lib\server\frames.js:521:23)
    at FrameDispatcher.goto (C:\Users\SnehaV\AppData\Local\Temp\playwright-java-6104101205915701911\package\lib\server\dispatchers\frameDispatcher.js:75:121)
    at DispatcherConnection.dispatch (C:\Users\SnehaV\AppData\Local\Temp\playwright-java-6104101205915701911\package\lib\server\dispatchers\dispatcher.js:312:46)
}
at com.microsoft.playwright.impl.Connection.dispatch(Connection.java:224)
at com.microsoft.playwright.impl.Connection.processOneMessage(Connection.java:206)
at com.microsoft.playwright.impl.ChannelOwner.runUntil(ChannelOwner.java:109)
at com.microsoft.playwright.impl.Connection.sendMessage(Connection.java:126)
at com.microsoft.playwright.impl.ChannelOwner.sendMessage(ChannelOwner.java:102)
at com.microsoft.playwright.impl.FrameImpl.navigateImpl(FrameImpl.java:463)
at com.microsoft.playwright.impl.PageImpl.lambda$navigate$45(PageImpl.java:836)
at com.microsoft.playwright.impl.LoggingSupport.withLogging(LoggingSupport.java:47)
at com.microsoft.playwright.impl.ChannelOwner.withLogging(ChannelOwner.java:87)
at com.microsoft.playwright.impl.PageImpl.navigate(PageImpl.java:836)
at com.microsoft.playwright.impl.PageImpl.navigate(PageImpl.java:42)
at com.microsoft.playwright.Page.navigate(Page.java:5282)
at genericFunctions.PlaywrightFactory.initBrowser(PlaywrightFactory.java:101)
at Stepdefinitions.Hooks.getProperty(Hooks.java:32)
at io.cucumber.java.Invoker.doInvoke(Invoker.java:66)
at io.cucumber.java.Invoker.invoke(Invoker.java:24)
at io.cucumber.java.AbstractGlueDefinition.invokeMethod(AbstractGlueDefinition.java:47)
at io.cucumber.java.JavaHookDefinition.execute(JavaHookDefinition.java:59)
at io.cucumber.core.runner.CoreHookDefinition.execute(CoreHookDefinition.java:46)
at io.cucumber.core.runner.HookDefinitionMatch.runStep(HookDefinitionMatch.java:21)
at io.cucumber.core.runner.ExecutionMode$1.execute(ExecutionMode.java:10)
at io.cucumber.core.runner.TestStep.executeStep(TestStep.java:92)
at io.cucumber.core.runner.TestStep.run(TestStep.java:64)
at io.cucumber.core.runner.TestCase.run(TestCase.java:98)
at io.cucumber.core.runner.Runner.runPickle(Runner.java:71)
at io.cucumber.testng.TestNGCucumberRunner.lambda$runScenario$0(TestNGCucumberRunner.java:116)
at io.cucumber.core.runtime.CucumberExecutionContext.runTestCase(CucumberExecutionContext.java:117)
at io.cucumber.testng.TestNGCucumberRunner.runScenario(TestNGCucumberRunner.java:113)
at io.cucumber.testng.AbstractTestNGCucumberTests.runScenario(AbstractTestNGCucumberTests.java:31)
at java.base/java.util.concurrent.ThreadPoolExecutor.runWorker(ThreadPoolExecutor.java:1136)
at java.base/java.util.concurrent.ThreadPoolExecutor$Worker.run(ThreadPoolExecutor.java:635)
at java.base/java.lang.Thread.run(Thread.java:833)
... Removed 16 stack frames]]>
    </failure>
  </testcase> <!-- runScenario -->
  <testcase classname="io.cucumber.testng.AbstractTestNGCucumberTests" name="runScenario" time="72.617">
    <failure type="com.microsoft.playwright.TimeoutError" message="Error {
  message=&amp;apos;Timeout 40000ms exceeded.
=========================== logs ===========================
navigating to &amp;quot;https://sisclientweb-900070.campusnexus.cloud/&amp;quot;, waiting until &amp;quot;load&amp;quot;
============================================================
  name=&amp;apos;TimeoutError
  stack=&amp;apos;TimeoutError: Timeout 40000ms exceeded.
=========================== logs ===========================
navigating to &amp;quot;https://sisclientweb-900070.campusnexus.cloud/&amp;quot;, waiting until &amp;quot;load&amp;quot;
============================================================
    at ProgressController.run (C:\Users\SnehaV\AppData\Local\Temp\playwright-java-6104101205915701911\package\lib\server\progress.js:88:26)
    at Frame.goto (C:\Users\SnehaV\AppData\Local\Temp\playwright-java-6104101205915701911\package\lib\server\frames.js:521:23)
    at FrameDispatcher.goto (C:\Users\SnehaV\AppData\Local\Temp\playwright-java-6104101205915701911\package\lib\server\dispatchers\frameDispatcher.js:75:121)
    at DispatcherConnection.dispatch (C:\Users\SnehaV\AppData\Local\Temp\playwright-java-6104101205915701911\package\lib\server\dispatchers\dispatcher.js:312:46)
}">
      <![CDATA[com.microsoft.playwright.TimeoutError: Error {
  message='Timeout 40000ms exceeded.
=========================== logs ===========================
navigating to "https://sisclientweb-900070.campusnexus.cloud/", waiting until "load"
============================================================
  name='TimeoutError
  stack='TimeoutError: Timeout 40000ms exceeded.
=========================== logs ===========================
navigating to "https://sisclientweb-900070.campusnexus.cloud/", waiting until "load"
============================================================
    at ProgressController.run (C:\Users\SnehaV\AppData\Local\Temp\playwright-java-6104101205915701911\package\lib\server\progress.js:88:26)
    at Frame.goto (C:\Users\SnehaV\AppData\Local\Temp\playwright-java-6104101205915701911\package\lib\server\frames.js:521:23)
    at FrameDispatcher.goto (C:\Users\SnehaV\AppData\Local\Temp\playwright-java-6104101205915701911\package\lib\server\dispatchers\frameDispatcher.js:75:121)
[...]
at com.microsoft.playwright.impl.ChannelOwner.runUntil(ChannelOwner.java:111)
at com.microsoft.playwright.impl.Connection.sendMessage(Connection.java:126)
at com.microsoft.playwright.impl.ChannelOwner.sendMessage(ChannelOwner.java:102)
at com.microsoft.playwright.impl.FrameImpl.navigateImpl(FrameImpl.java:463)
at com.microsoft.playwright.impl.PageImpl.lambda$navigate$45(PageImpl.java:836)
at com.microsoft.playwright.impl.LoggingSupport.withLogging(LoggingSupport.java:47)
at com.microsoft.playwright.impl.ChannelOwner.withLogging(ChannelOwner.java:87)
at com.microsoft.playwright.impl.PageImpl.navigate(PageImpl.java:836)
at com.microsoft.playwright.impl.PageImpl.navigate(PageImpl.java:42)
at com.microsoft.playwright.Page.navigate(Page.java:5282)
at genericFunctions.PlaywrightFactory.initBrowser(PlaywrightFactory.java:101)
at Stepdefinitions.Hooks.getProperty(Hooks.java:32)
Caused by: com.microsoft.playwright.impl.DriverException: Error {
  message='net::ERR_TIMED_OUT at https://sisclientweb-900070.campusnexus.cloud/
=========================== logs ===========================
navigating to "https://sisclientweb-900070.campusnexus.cloud/", waiting until "load"
============================================================
  name='Error
  stack='Error: net::ERR_TIMED_OUT at https://sisclientweb-900070.campusnexus.cloud/
=========================== logs ===========================
navigating to "https://sisclientweb-900070.campusnexus.cloud/", waiting until "load"
============================================================
    at FrameSession._navigate (C:\Users\SnehaV\AppData\Local\Temp\playwright-java-6104101205915701911\package\lib\server\chromium\crPage.js:508:35)
    at async Frame._gotoAction (C:\Users\SnehaV\AppData\Local\Temp\playwright-java-6104101205915701911\package\lib\server\frames.js:538:28)
    at async ProgressController.run (C:\Users\SnehaV\AppData\Local\Temp\playwright-java-6104101205915701911\package\lib\server\progress.js:92:22)
    at async FrameDispatcher.goto (C:\Users\SnehaV\AppData\Local\Temp\playwright-java-6104101205915701911\package\lib\server\dispatchers\frameDispatcher.js:75:103)
    at async DispatcherConnection.dispatch (C:\Users\SnehaV\AppData\Local\Temp\playwright-java-6104101205915701911\package\lib\server\dispatchers\dispatcher.js:312:22)
}
at com.microsoft.playwright.impl.Connection.dispatch(Connection.java:226)
at com.microsoft.playwright.impl.Connection.processOneMessage(Connection.java:206)
at com.microsoft.playwright.impl.ChannelOwner.runUntil(ChannelOwner.java:109)
at com.microsoft.playwright.impl.Connection.sendMessage(Connection.java:126)
at com.microsoft.playwright.impl.ChannelOwner.sendMessage(ChannelOwner.java:102)
at com.microsoft.playwright.impl.FrameImpl.navigateImpl(FrameImpl.java:463)
at com.microsoft.playwright.impl.PageImpl.lambda$navigate$45(PageImpl.java:836)
at com.microsoft.playwright.impl.LoggingSupport.withLogging(LoggingSupport.java:47)
at com.microsoft.playwright.impl.ChannelOwner.withLogging(ChannelOwner.java:87)
at com.microsoft.playwright.impl.PageImpl.navigate(PageImpl.java:836)
at com.microsoft.playwright.impl.PageImpl.navigate(PageImpl.java:42)
at com.microsoft.playwright.Page.navigate(Page.java:5282)
at genericFunctions.PlaywrightFactory.initBrowser(PlaywrightFactory.java:101)
at Stepdefinitions.Hooks.getProperty(Hooks.java:32)
at io.cucumber.java.Invoker.doInvoke(Invoker.java:66)
at io.cucumber.java.Invoker.invoke(Invoker.java:24)
at io.cucumber.java.AbstractGlueDefinition.invokeMethod(AbstractGlueDefinition.java:47)
at io.cucumber.java.JavaHookDefinition.execute(JavaHookDefinition.java:59)
at io.cucumber.core.runner.CoreHookDefinition.execute(CoreHookDefinition.java:46)
at io.cucumber.core.runner.HookDefinitionMatch.runStep(HookDefinitionMatch.java:21)
at io.cucumber.core.runner.ExecutionMode$1.execute(ExecutionMode.java:10)
at io.cucumber.core.runner.TestStep.executeStep(TestStep.java:92)
at io.cucumber.core.runner.TestStep.run(TestStep.java:64)
at io.cucumber.core.runner.TestCase.run(TestCase.java:98)
at io.cucumber.core.runner.Runner.runPickle(Runner.java:71)
at io.cucumber.testng.TestNGCucumberRunner.lambda$runScenario$0(TestNGCucumberRunner.java:116)
at io.cucumber.core.runtime.CucumberExecutionContext.runTestCase(CucumberExecutionContext.java:117)
at io.cucumber.testng.TestNGCucumberRunner.runScenario(TestNGCucumberRunner.java:113)
at io.cucumber.testng.AbstractTestNGCucumberTests.runScenario(AbstractTestNGCucumberTests.java:31)
at java.base/java.util.concurrent.ThreadPoolExecutor.runWorker(ThreadPoolExecutor.java:1136)
at java.base/java.util.concurrent.ThreadPoolExecutor$Worker.run(ThreadPoolExecutor.java:635)
at java.base/java.lang.Thread.run(Thread.java:833)
... Removed 14 stack frames]]>
    </failure>
  </testcase> <!-- runScenario -->
  <testcase classname="io.cucumber.testng.AbstractTestNGCucumberTests" name="runScenario" time="62.886">
    <failure type="com.microsoft.playwright.PlaywrightException" message="Error {
  message=&amp;apos;net::ERR_TIMED_OUT at https://sisclientweb-900070.campusnexus.cloud/
=========================== logs ===========================
navigating to &amp;quot;https://sisclientweb-900070.campusnexus.cloud/&amp;quot;, waiting until &amp;quot;load&amp;quot;
============================================================
  name=&amp;apos;Error
  stack=&amp;apos;Error: net::ERR_TIMED_OUT at https://sisclientweb-900070.campusnexus.cloud/
=========================== logs ===========================
navigating to &amp;quot;https://sisclientweb-900070.campusnexus.cloud/&amp;quot;, waiting until &amp;quot;load&amp;quot;
============================================================
    at FrameSession._navigate (C:\Users\SnehaV\AppData\Local\Temp\playwright-java-6104101205915701911\package\lib\server\chromium\crPage.js:508:35)
    at async Frame._gotoAction (C:\Users\SnehaV\AppData\Local\Temp\playwright-java-6104101205915701911\package\lib\server\frames.js:538:28)
    at async ProgressController.run (C:\Users\SnehaV\AppData\Local\Temp\playwright-java-6104101205915701911\package\lib\server\progress.js:92:22)
    at async FrameDispatcher.goto (C:\Users\SnehaV\AppData\Local\Temp\playwright-java-6104101205915701911\package\lib\server\dispatchers\frameDispatcher.js:75:103)
    at async DispatcherConnection.dispatch (C:\Users\SnehaV\AppData\Local\Temp\playwright-java-6104101205915701911\package\lib\server\dispatchers\dispatcher.js:312:22)
}">
      <![CDATA[com.microsoft.playwright.PlaywrightException: Error {
  message='net::ERR_TIMED_OUT at https://sisclientweb-900070.campusnexus.cloud/
=========================== logs ===========================
navigating to "https://sisclientweb-900070.campusnexus.cloud/", waiting until "load"
============================================================
  name='Error
  stack='Error: net::ERR_TIMED_OUT at https://sisclientweb-900070.campusnexus.cloud/
=========================== logs ===========================
navigating to "https://sisclientweb-900070.campusnexus.cloud/", waiting until "load"
============================================================
    at FrameSession._navigate (C:\Users\SnehaV\AppData\Local\Temp\playwright-java-6104101205915701911\package\lib\server\chromium\crPage.js:508:35)
    at async Frame._gotoAction (C:\Users\SnehaV\AppData\Local\Temp\playwright-java-6104101205915701911\package\lib\server\frames.js:538:28)
    at async ProgressController.run (C:\Users\SnehaV\AppData\Local\Temp\playwright-java-6104101205915701911\package\lib\server\progress.js:92:22)
    at async FrameDispatcher.goto (C:\Users\SnehaV\AppData\Local\Temp\playwright-java-6104101205915701911\package\lib\server\dispatchers\frameDispatcher.js:75:103)
    at async DispatcherConnection.dispatch (C:\Users\SnehaV\AppData\Local\Temp\playwright-java-6104101205915701911\package\lib\server\dispatchers\dispatcher.js:312:22)
}
at com.microsoft.playwright.impl.WaitableResult.get(WaitableResult.java:54)
at com.microsoft.playwright.impl.ChannelOwner.runUntil(ChannelOwner.java:111)
at com.microsoft.playwright.impl.Connection.sendMessage(Connection.java:126)
at com.microsoft.playwright.impl.ChannelOwner.sendMessage(ChannelOwner.java:102)
at com.microsoft.playwright.impl.FrameImpl.navigateImpl(FrameImpl.java:463)
at com.microsoft.playwright.impl.PageImpl.lambda$navigate$45(PageImpl.java:836)
at com.microsoft.playwright.impl.LoggingSupport.withLogging(LoggingSupport.java:47)
at com.microsoft.playwright.impl.ChannelOwner.withLogging(ChannelOwner.java:87)
at com.microsoft.playwright.impl.PageImpl.navigate(PageImpl.java:836)
at com.microsoft.playwright.impl.PageImpl.navigate(PageImpl.java:42)
at com.microsoft.playwright.Page.navigate(Page.java:5282)
at genericFunctions.PlaywrightFactory.initBrowser(PlaywrightFactory.java:101)
at Stepdefinitions.Hooks.getProperty(Hooks.java:32)
Caused by: com.microsoft.playwright.impl.DriverException: Error {
  message='net::ERR_TIMED_OUT at https://sisclientweb-900070.campusnexus.cloud/
=========================== logs ===========================
navigating to "https://sisclientweb-900070.campusnexus.cloud/", waiting until "load"
============================================================
  name='Error
  stack='Error: net::ERR_TIMED_OUT at https://sisclientweb-900070.campusnexus.cloud/
=========================== logs ===========================
navigating to "https://sisclientweb-900070.campusnexus.cloud/", waiting until "load"
============================================================
    at FrameSession._navigate (C:\Users\SnehaV\AppData\Local\Temp\playwright-java-6104101205915701911\package\lib\server\chromium\crPage.js:508:35)
    at async Frame._gotoAction (C:\Users\SnehaV\AppData\Local\Temp\playwright-java-6104101205915701911\package\lib\server\frames.js:538:28)
    at async ProgressController.run (C:\Users\SnehaV\AppData\Local\Temp\playwright-java-6104101205915701911\package\lib\server\progress.js:92:22)
    at async FrameDispatcher.goto (C:\Users\SnehaV\AppData\Local\Temp\playwright-java-6104101205915701911\package\lib\server\dispatchers\frameDispatcher.js:75:103)
    at async DispatcherConnection.dispatch (C:\Users\SnehaV\AppData\Local\Temp\playwright-java-6104101205915701911\package\lib\server\dispatchers\dispatcher.js:312:22)
}
at com.microsoft.playwright.impl.Connection.dispatch(Connection.java:226)
at com.microsoft.playwright.impl.Connection.processOneMessage(Connection.java:206)
at com.microsoft.playwright.impl.ChannelOwner.runUntil(ChannelOwner.java:109)
at com.microsoft.playwright.impl.Connection.sendMessage(Connection.java:126)
at com.microsoft.playwright.impl.ChannelOwner.sendMessage(ChannelOwner.java:102)
at com.microsoft.playwright.impl.FrameImpl.navigateImpl(FrameImpl.java:463)
at com.microsoft.playwright.impl.PageImpl.lambda$navigate$45(PageImpl.java:836)
at com.microsoft.playwright.impl.LoggingSupport.withLogging(LoggingSupport.java:47)
at com.microsoft.playwright.impl.ChannelOwner.withLogging(ChannelOwner.java:87)
at com.microsoft.playwright.impl.PageImpl.navigate(PageImpl.java:836)
at com.microsoft.playwright.impl.PageImpl.navigate(PageImpl.java:42)
at com.microsoft.playwright.Page.navigate(Page.java:5282)
at genericFunctions.PlaywrightFactory.initBrowser(PlaywrightFactory.java:101)
at Stepdefinitions.Hooks.getProperty(Hooks.java:32)
at io.cucumber.java.Invoker.doInvoke(Invoker.java:66)
at io.cucumber.java.Invoker.invoke(Invoker.java:24)
at io.cucumber.java.AbstractGlueDefinition.invokeMethod(AbstractGlueDefinition.java:47)
at io.cucumber.java.JavaHookDefinition.execute(JavaHookDefinition.java:59)
at io.cucumber.core.runner.CoreHookDefinition.execute(CoreHookDefinition.java:46)
at io.cucumber.core.runner.HookDefinitionMatch.runStep(HookDefinitionMatch.java:21)
at io.cucumber.core.runner.ExecutionMode$1.execute(ExecutionMode.java:10)
at io.cucumber.core.runner.TestStep.executeStep(TestStep.java:92)
at io.cucumber.core.runner.TestStep.run(TestStep.java:64)
at io.cucumber.core.runner.TestCase.run(TestCase.java:98)
at io.cucumber.core.runner.Runner.runPickle(Runner.java:71)
at io.cucumber.testng.TestNGCucumberRunner.lambda$runScenario$0(TestNGCucumberRunner.java:116)
at io.cucumber.core.runtime.CucumberExecutionContext.runTestCase(CucumberExecutionContext.java:117)
at io.cucumber.testng.TestNGCucumberRunner.runScenario(TestNGCucumberRunner.java:113)
at io.cucumber.testng.AbstractTestNGCucumberTests.runScenario(AbstractTestNGCucumberTests.java:31)
at java.base/java.util.concurrent.ThreadPoolExecutor.runWorker(ThreadPoolExecutor.java:1136)
at java.base/java.util.concurrent.ThreadPoolExecutor$Worker.run(ThreadPoolExecutor.java:635)
at java.base/java.lang.Thread.run(Thread.java:833)
... Removed 14 stack frames]]>
    </failure>
  </testcase> <!-- runScenario -->
  <testcase classname="io.cucumber.testng.AbstractTestNGCucumberTests" name="runScenario" time="72.432">
    <failure type="com.microsoft.playwright.TimeoutError" message="Error {
  message=&amp;apos;Timeout 40000ms exceeded.
=========================== logs ===========================
navigating to &amp;quot;https://sisclientweb-900070.campusnexus.cloud/&amp;quot;, waiting until &amp;quot;load&amp;quot;
============================================================
  name=&amp;apos;TimeoutError
  stack=&amp;apos;TimeoutError: Timeout 40000ms exceeded.
=========================== logs ===========================
navigating to &amp;quot;https://sisclientweb-900070.campusnexus.cloud/&amp;quot;, waiting until &amp;quot;load&amp;quot;
============================================================
    at ProgressController.run (C:\Users\SnehaV\AppData\Local\Temp\playwright-java-6104101205915701911\package\lib\server\progress.js:88:26)
    at Frame.goto (C:\Users\SnehaV\AppData\Local\Temp\playwright-java-6104101205915701911\package\lib\server\frames.js:521:23)
    at FrameDispatcher.goto (C:\Users\SnehaV\AppData\Local\Temp\playwright-java-6104101205915701911\package\lib\server\dispatchers\frameDispatcher.js:75:121)
    at DispatcherConnection.dispatch (C:\Users\SnehaV\AppData\Local\Temp\playwright-java-6104101205915701911\package\lib\server\dispatchers\dispatcher.js:312:46)
}">
      <![CDATA[com.microsoft.playwright.TimeoutError: Error {
  message='Timeout 40000ms exceeded.
=========================== logs ===========================
navigating to "https://sisclientweb-900070.campusnexus.cloud/", waiting until "load"
============================================================
  name='TimeoutError
  stack='TimeoutError: Timeout 40000ms exceeded.
=========================== logs ===========================
navigating to "https://sisclientweb-900070.campusnexus.cloud/", waiting until "load"
============================================================
    at ProgressController.run (C:\Users\SnehaV\AppData\Local\Temp\playwright-java-6104101205915701911\package\lib\server\progress.js:88:26)
    at Frame.goto (C:\Users\SnehaV\AppData\Local\Temp\playwright-java-6104101205915701911\package\lib\server\frames.js:521:23)
    at FrameDispatcher.goto (C:\Users\SnehaV\AppData\Local\Temp\playwright-java-6104101205915701911\package\lib\server\dispatchers\frameDispatcher.js:75:121)
    at DispatcherConnection.dispatch (C:\Users\SnehaV\AppData\Local\Temp\playwright-java-6104101205915701911\package\lib\server\dispatchers\dispatcher.js:312:46)
}
at com.microsoft.playwright.impl.WaitableResult.get(WaitableResult.java:52)
at com.microsoft.playwright.impl.ChannelOwner.runUntil(ChannelOwner.java:111)
at com.microsoft.playwright.impl.Connection.sendMessage(Connection.java:126)
at com.microsoft.playwright.impl.ChannelOwner.sendMessage(ChannelOwner.java:102)
at com.microsoft.playwright.impl.FrameImpl.navigateImpl(FrameImpl.java:463)
at com.microsoft.playwright.impl.PageImpl.lambda$navigate$45(PageImpl.java:836)
at com.microsoft.playwright.impl.LoggingSupport.withLogging(LoggingSupport.java:47)
at com.microsoft.playwright.impl.ChannelOwner.withLogging(ChannelOwner.java:87)
at com.microsoft.playwright.impl.PageImpl.navigate(PageImpl.java:836)
at com.microsoft.playwright.impl.PageImpl.navigate(PageImpl.java:42)
at com.microsoft.playwright.Page.navigate(Page.java:5282)
at genericFunctions.PlaywrightFactory.initBrowser(PlaywrightFactory.java:101)
at Stepdefinitions.Hooks.getProperty(Hooks.java:32)
Caused by: com.microsoft.playwright.TimeoutError: Error {
  message='Timeout 40000ms exceeded.
=========================== logs ===========================
navigating to "https://sisclientweb-900070.campusnexus.cloud/", waiting until "load"
============================================================
  name='TimeoutError
  stack='TimeoutError: Timeout 40000ms exceeded.
=========================== logs ===========================
navigating to "https://sisclientweb-900070.campusnexus.cloud/", waiting until "load"
============================================================
    at ProgressController.run (C:\Users\SnehaV\AppData\Local\Temp\playwright-java-6104101205915701911\package\lib\server\progress.js:88:26)
    at Frame.goto (C:\Users\SnehaV\AppData\Local\Temp\playwright-java-6104101205915701911\package\lib\server\frames.js:521:23)
    at FrameDispatcher.goto (C:\Users\SnehaV\AppData\Local\Temp\playwright-java-6104101205915701911\package\lib\server\dispatchers\frameDispatcher.js:75:121)
    at DispatcherConnection.dispatch (C:\Users\SnehaV\AppData\Local\Temp\playwright-java-6104101205915701911\package\lib\server\dispatchers\dispatcher.js:312:46)
}
at com.microsoft.playwright.impl.Connection.dispatch(Connection.java:224)
at com.microsoft.playwright.impl.Connection.processOneMessage(Connection.java:206)
at com.microsoft.playwright.impl.ChannelOwner.runUntil(ChannelOwner.java:109)
at com.microsoft.playwright.impl.Connection.sendMessage(Connection.java:126)
at com.microsoft.playwright.impl.ChannelOwner.sendMessage(ChannelOwner.java:102)
at com.microsoft.playwright.impl.FrameImpl.navigateImpl(FrameImpl.java:463)
at com.microsoft.playwright.impl.PageImpl.lambda$navigate$45(PageImpl.java:836)
at com.microsoft.playwright.impl.LoggingSupport.withLogging(LoggingSupport.java:47)
at com.microsoft.playwright.impl.ChannelOwner.withLogging(ChannelOwner.java:87)
at com.microsoft.playwright.impl.PageImpl.navigate(PageImpl.java:836)
at com.microsoft.playwright.impl.PageImpl.navigate(PageImpl.java:42)
at com.microsoft.playwright.Page.navigate(Page.java:5282)
at genericFunctions.PlaywrightFactory.initBrowser(PlaywrightFactory.java:101)
at Stepdefinitions.Hooks.getProperty(Hooks.java:32)
at io.cucumber.java.Invoker.doInvoke(Invoker.java:66)
at io.cucumber.java.Invoker.invoke(Invoker.java:24)
at io.cucumber.java.AbstractGlueDefinition.invokeMethod(AbstractGlueDefinition.java:47)
at io.cucumber.java.JavaHookDefinition.execute(JavaHookDefinition.java:59)
at io.cucumber.core.runner.CoreHookDefinition.execute(CoreHookDefinition.java:46)
at io.cucumber.core.runner.HookDefinitionMatch.runStep(HookDefinitionMatch.java:21)
at io.cucumber.core.runner.ExecutionMode$1.execute(ExecutionMode.java:10)
at io.cucumber.core.runner.TestStep.executeStep(TestStep.java:92)
at io.cucumber.core.runner.TestStep.run(TestStep.java:64)
at io.cucumber.core.runner.TestCase.run(TestCase.java:98)
at io.cucumber.core.runner.Runner.runPickle(Runner.java:71)
at io.cucumber.testng.TestNGCucumberRunner.lambda$runScenario$0(TestNGCucumberRunner.java:116)
at io.cucumber.core.runtime.CucumberExecutionContext.runTestCase(CucumberExecutionContext.java:117)
at io.cucumber.testng.TestNGCucumberRunner.runScenario(TestNGCucumberRunner.java:113)
at io.cucumber.testng.AbstractTestNGCucumberTests.runScenario(AbstractTestNGCucumberTests.java:31)
at java.base/java.util.concurrent.ThreadPoolExecutor.runWorker(ThreadPoolExecutor.java:1136)
at java.base/java.util.concurrent.ThreadPoolExecutor$Worker.run(ThreadPoolExecutor.java:635)
at java.base/java.lang.Thread.run(Thread.java:833)
... Removed 14 stack frames]]>
    </failure>
  </testcase> <!-- runScenario -->
</testsuite> <!-- Test -->
