<?xml version="1.0" encoding="UTF-8"?>
<testng-results ignored="0" total="1" passed="1" failed="0" skipped="0">
  <reporter-output>
  </reporter-output>
  <suite started-at="2023-12-14T17:12:42 IST" name="Default suite" finished-at="2023-12-14T17:13:32 IST" duration-ms="50319">
    <groups>
      <group name="cucumber">
        <method signature="AbstractTestNGCucumberTests.runScenario(io.cucumber.testng.PickleWrapper,io.cucumber.testng.FeatureWrapper)[pri:0, instance:runner.TestCaseRunner@6aba2b86]" name="runScenario" class="io.cucumber.testng.AbstractTestNGCucumberTests"/>
      </group> <!-- cucumber -->
    </groups>
    <test started-at="2023-12-14T17:12:42 IST" name="Default test" finished-at="2023-12-14T17:13:32 IST" duration-ms="50319">
      <class name="runner.TestCaseRunner">
        <test-method is-config="true" signature="setUpClass()[pri:0, instance:runner.TestCaseRunner@6aba2b86]" started-at="2023-12-14T17:12:42 IST" name="setUpClass" finished-at="2023-12-14T17:12:43 IST" duration-ms="1144" status="PASS">
          <reporter-output>
          </reporter-output>
        </test-method> <!-- setUpClass -->
        <test-method signature="runScenario(io.cucumber.testng.PickleWrapper,io.cucumber.testng.FeatureWrapper)[pri:0, instance:runner.TestCaseRunner@6aba2b86]" started-at="2023-12-14T17:12:43 IST" name="runScenario" description="Runs Cucumber Scenarios" data-provider="scenarios" finished-at="2023-12-14T17:13:31 IST" duration-ms="48275" status="PASS">
          <params>
            <param index="0">
              <value>
                <![CDATA["Verify a item can be added to a cart in saucelabs"]]>
              </value>
            </param>
            <param index="1">
              <value>
                <![CDATA["Optional[SauceLabs]"]]>
              </value>
            </param>
          </params>
          <reporter-output>
          </reporter-output>
        </test-method> <!-- runScenario -->
        <test-method is-config="true" signature="tearDownClass()[pri:0, instance:runner.TestCaseRunner@6aba2b86]" started-at="2023-12-14T17:13:31 IST" name="tearDownClass" finished-at="2023-12-14T17:13:32 IST" duration-ms="810" status="PASS">
          <reporter-output>
          </reporter-output>
        </test-method> <!-- tearDownClass -->
      </class> <!-- runner.TestCaseRunner -->
    </test> <!-- Default test -->
  </suite> <!-- Default suite -->
</testng-results>
