<?xml version="1.0" encoding="UTF-8"?>
<testng-results ignored="0" total="1" passed="1" failed="0" skipped="0">
  <reporter-output>
  </reporter-output>
  <suite started-at="2024-01-16T16:41:16 IST" name="Default suite" finished-at="2024-01-16T16:41:25 IST" duration-ms="8962">
    <groups>
      <group name="cucumber">
        <method signature="AbstractTestNGCucumberTests.runScenario(io.cucumber.testng.PickleWrapper,io.cucumber.testng.FeatureWrapper)[pri:0, instance:runner.SauceLabsApp@6aba2b86]" name="runScenario" class="io.cucumber.testng.AbstractTestNGCucumberTests"/>
      </group> <!-- cucumber -->
    </groups>
    <test started-at="2024-01-16T16:41:16 IST" name="Default test" finished-at="2024-01-16T16:41:25 IST" duration-ms="8962">
      <class name="runner.SauceLabsApp">
        <test-method is-config="true" signature="setUpClass()[pri:0, instance:runner.SauceLabsApp@6aba2b86]" started-at="2024-01-16T16:41:16 IST" name="setUpClass" finished-at="2024-01-16T16:41:16 IST" duration-ms="525" status="PASS">
          <reporter-output>
          </reporter-output>
        </test-method> <!-- setUpClass -->
        <test-method signature="runScenario(io.cucumber.testng.PickleWrapper,io.cucumber.testng.FeatureWrapper)[pri:0, instance:runner.SauceLabsApp@6aba2b86]" started-at="2024-01-16T16:41:16 IST" name="runScenario" description="Runs Cucumber Scenarios" data-provider="scenarios" finished-at="2024-01-16T16:41:24 IST" duration-ms="8104" status="PASS">
          <params>
            <param index="0">
              <value>
                <![CDATA["Verify a item can be added to a cart in saucelabs"]]>
              </value>
            </param>
            <param index="1">
              <value>
                <![CDATA["Optional[SauceLabs]"]]>
              </value>
            </param>
          </params>
          <reporter-output>
          </reporter-output>
        </test-method> <!-- runScenario -->
        <test-method is-config="true" signature="tearDownClass()[pri:0, instance:runner.SauceLabsApp@6aba2b86]" started-at="2024-01-16T16:41:24 IST" name="tearDownClass" finished-at="2024-01-16T16:41:25 IST" duration-ms="303" status="PASS">
          <reporter-output>
          </reporter-output>
        </test-method> <!-- tearDownClass -->
      </class> <!-- runner.SauceLabsApp -->
    </test> <!-- Default test -->
  </suite> <!-- Default suite -->
</testng-results>
