<?xml version="1.0" encoding="UTF-8"?>
<!-- Generated by org.testng.reporters.JUnitReportReporter -->
<testsuite hostname="LPTIN-24Z3GG3" failures="0" tests="1" name="runner.TestngRunner" time="23.077" errors="1" timestamp="2023-03-31T17:03:36 IST" skipped="0">
  <testcase classname="runner.TestngRunner" name="runScenario" time="23.077">
    <error message="Cannot invoke &quot;com.aventstack.extentreports.ExtentReports.createTest(String, String)&quot; because &quot;this.extent&quot; is null" type="java.lang.NullPointerException">
      <![CDATA[java.lang.NullPointerException: Cannot invoke "com.aventstack.extentreports.ExtentReports.createTest(String, String)" because "this.extent" is null
at pages.LoginPage_DCRC.logindev(LoginPage_DCRC.java:75)
at Stepdefinitions.Steps.user_logging_to_cns_application(Steps.java:176)
at ✽.User logging to CNS application(file:///C:/Users/SnehaV/PlayWright/PlaywrighteLatestFromADO/src/test/resources/features/LoginTest1.feature:28)
]]>
    </error>
  </testcase> <!-- runScenario -->
  <system-out/>
</testsuite> <!-- runner.TestngRunner -->
